TpTrace Verbose: 0 : 15712, 1, 2023/11/09, 11:00:40.360, 1785154339888, vstest.console.dll, Version: 17.7.2-release-23423-01 Current process architecture: X64
TpTrace Verbose: 0 : 15712, 1, 2023/11/09, 11:00:40.361, 1785154353806, vstest.console.dll, Runtime location: C:\Program Files\dotnet\shared\Microsoft.NETCore.App\7.0.13
TpTrace Verbose: 0 : 15712, 1, 2023/11/09, 11:00:40.364, 1785154376896, vstest.console.dll, ArtifactProcessingPostProcessModeProcessorExecutor.Initialize: ArtifactProcessingMode.Collect
TpTrace Verbose: 0 : 15712, 1, 2023/11/09, 11:00:40.364, 1785154377839, vstest.console.dll, TestSessionCorrelationIdProcessorModeProcessorExecutor.Initialize: TestSessionCorrelationId '14572_53292c25-0359-4417-bf98-0c4551108f87'
TpTrace Information: 0 : 15712, 1, 2023/11/09, 11:00:40.385, 1785154595397, vstest.console.dll, FilePatternParser: The given file C:\Dev\.Net Assigments\Assignment5Test\bin\Debug\net6.0\fine-code-coverage\build-output\Assignment5Test.dll is a full path.
TpTrace Verbose: 0 : 15712, 1, 2023/11/09, 11:00:40.395, 1785154690592, vstest.console.dll, TestPluginCache.DiscoverTestExtensions: finding test extensions in assemblies ends with: RuntimeProvider.dll TPluginInfo: Microsoft.VisualStudio.TestPlatform.Common.ExtensionFramework.Utilities.TestRuntimePluginInformation TExtension: Microsoft.VisualStudio.TestPlatform.ObjectModel.Host.ITestRuntimeProvider
TpTrace Verbose: 0 : 15712, 1, 2023/11/09, 11:00:40.395, 1785154696235, vstest.console.dll, TestPluginCache.GetExtensionPaths: Filtered extension paths: 
TpTrace Verbose: 0 : 15712, 1, 2023/11/09, 11:00:40.396, 1785154697557, vstest.console.dll, TestPluginCache.GetExtensionPaths: Added default extension paths: C:\Program Files\dotnet\sdk\7.0.403\Extensions\Microsoft.Diagnostics.NETCore.Client.dll
C:\Program Files\dotnet\sdk\7.0.403\Extensions\Microsoft.TestPlatform.Extensions.BlameDataCollector.dll
C:\Program Files\dotnet\sdk\7.0.403\Extensions\Microsoft.TestPlatform.Extensions.EventLogCollector.dll
C:\Program Files\dotnet\sdk\7.0.403\Extensions\Microsoft.TestPlatform.TestHostRuntimeProvider.dll
C:\Program Files\dotnet\sdk\7.0.403\Extensions\Microsoft.VisualStudio.TestPlatform.Extensions.Html.TestLogger.dll
C:\Program Files\dotnet\sdk\7.0.403\Extensions\Microsoft.VisualStudio.TestPlatform.Extensions.Trx.TestLogger.dll
TpTrace Verbose: 0 : 15712, 1, 2023/11/09, 11:00:40.396, 1785154698160, vstest.console.dll, TestPluginCache.GetExtensionPaths: Added unfilterableExtensionPaths: 
TpTrace Information: 0 : 15712, 1, 2023/11/09, 11:00:40.397, 1785154707831, vstest.console.dll, AssemblyResolver.ctor: Creating AssemblyResolver with searchDirectories C:\Program Files\dotnet\sdk\7.0.403\Extensions,C:\Program Files\dotnet\sdk\7.0.403
TpTrace Verbose: 0 : 15712, 1, 2023/11/09, 11:00:40.399, 1785154730273, vstest.console.dll, TestPluginCache.DiscoverTestExtensions: Discovering the extensions using extension path.
TpTrace Verbose: 0 : 15712, 1, 2023/11/09, 11:00:40.399, 1785154732092, vstest.console.dll, TestPluginCache.GetExtensionPaths: Filtered extension paths: 
TpTrace Verbose: 0 : 15712, 1, 2023/11/09, 11:00:40.399, 1785154732702, vstest.console.dll, TestPluginCache.GetExtensionPaths: Added default extension paths: C:\Program Files\dotnet\sdk\7.0.403\Extensions\Microsoft.Diagnostics.NETCore.Client.dll
C:\Program Files\dotnet\sdk\7.0.403\Extensions\Microsoft.TestPlatform.Extensions.BlameDataCollector.dll
C:\Program Files\dotnet\sdk\7.0.403\Extensions\Microsoft.TestPlatform.Extensions.EventLogCollector.dll
C:\Program Files\dotnet\sdk\7.0.403\Extensions\Microsoft.TestPlatform.TestHostRuntimeProvider.dll
C:\Program Files\dotnet\sdk\7.0.403\Extensions\Microsoft.VisualStudio.TestPlatform.Extensions.Html.TestLogger.dll
C:\Program Files\dotnet\sdk\7.0.403\Extensions\Microsoft.VisualStudio.TestPlatform.Extensions.Trx.TestLogger.dll
TpTrace Verbose: 0 : 15712, 1, 2023/11/09, 11:00:40.399, 1785154733190, vstest.console.dll, TestPluginCache.GetExtensionPaths: Added unfilterableExtensionPaths: 
TpTrace Verbose: 0 : 15712, 1, 2023/11/09, 11:00:40.399, 1785154734451, vstest.console.dll, TestPluginCache.DiscoverTestExtensions: Discovering the extensions using allExtensionPaths: C:\Program Files\dotnet\sdk\7.0.403\Extensions\Microsoft.Diagnostics.NETCore.Client.dll
C:\Program Files\dotnet\sdk\7.0.403\Extensions\Microsoft.TestPlatform.Extensions.BlameDataCollector.dll
C:\Program Files\dotnet\sdk\7.0.403\Extensions\Microsoft.TestPlatform.Extensions.EventLogCollector.dll
C:\Program Files\dotnet\sdk\7.0.403\Extensions\Microsoft.TestPlatform.TestHostRuntimeProvider.dll
C:\Program Files\dotnet\sdk\7.0.403\Extensions\Microsoft.VisualStudio.TestPlatform.Extensions.Html.TestLogger.dll
C:\Program Files\dotnet\sdk\7.0.403\Extensions\Microsoft.VisualStudio.TestPlatform.Extensions.Trx.TestLogger.dll
TpTrace Information: 0 : 15712, 1, 2023/11/09, 11:00:40.400, 1785154736865, vstest.console.dll, AssemblyResolver.AddSearchDirectories: Adding more searchDirectories C:\Program Files\dotnet\sdk\7.0.403\Extensions,C:\Program Files\dotnet\sdk\7.0.403
TpTrace Information: 0 : 15712, 1, 2023/11/09, 11:00:40.400, 1785154737914, vstest.console.dll, AssemblyResolver.AddSearchDirectories: Adding more searchDirectories C:\Program Files\dotnet\sdk\7.0.403\Extensions,C:\Program Files\dotnet\sdk\7.0.403
TpTrace Information: 0 : 15712, 1, 2023/11/09, 11:00:40.400, 1785154738531, vstest.console.dll, AssemblyResolver.AddSearchDirectories: Adding more searchDirectories C:\Program Files\dotnet\sdk\7.0.403\Extensions,C:\Program Files\dotnet\sdk\7.0.403
TpTrace Information: 0 : 15712, 1, 2023/11/09, 11:00:40.400, 1785154739046, vstest.console.dll, AssemblyResolver.AddSearchDirectories: Adding more searchDirectories C:\Program Files\dotnet\sdk\7.0.403\Extensions,C:\Program Files\dotnet\sdk\7.0.403
TpTrace Information: 0 : 15712, 1, 2023/11/09, 11:00:40.400, 1785154739490, vstest.console.dll, AssemblyResolver.AddSearchDirectories: Adding more searchDirectories C:\Program Files\dotnet\sdk\7.0.403\Extensions,C:\Program Files\dotnet\sdk\7.0.403
TpTrace Information: 0 : 15712, 1, 2023/11/09, 11:00:40.400, 1785154739913, vstest.console.dll, AssemblyResolver.AddSearchDirectories: Adding more searchDirectories C:\Program Files\dotnet\sdk\7.0.403\Extensions,C:\Program Files\dotnet\sdk\7.0.403
TpTrace Information: 0 : 15712, 1, 2023/11/09, 11:00:40.400, 1785154746104, vstest.console.dll, AssemblyResolver.OnResolve: Microsoft.Diagnostics.NETCore.Client: Resolving assembly.
TpTrace Information: 0 : 15712, 1, 2023/11/09, 11:00:40.401, 1785154747223, vstest.console.dll, AssemblyResolver.OnResolve: Microsoft.Diagnostics.NETCore.Client: Searching in: 'C:\Program Files\dotnet\sdk\7.0.403\Extensions'.
TpTrace Information: 0 : 15712, 1, 2023/11/09, 11:00:40.410, 1785154843380, vstest.console.dll, AssemblyResolver.OnResolve: Microsoft.Diagnostics.NETCore.Client: Loading assembly 'C:\Program Files\dotnet\sdk\7.0.403\Extensions\Microsoft.Diagnostics.NETCore.Client.dll'.
TpTrace Information: 0 : 15712, 1, 2023/11/09, 11:00:40.411, 1785154850985, vstest.console.dll, AssemblyResolver.OnResolve: Resolved assembly: Microsoft.Diagnostics.NETCore.Client, from path: C:\Program Files\dotnet\sdk\7.0.403\Extensions\Microsoft.Diagnostics.NETCore.Client.dll
TpTrace Verbose: 0 : 15712, 1, 2023/11/09, 11:00:40.412, 1785154864005, vstest.console.dll, MetadataReaderExtensionsHelper: Discovering extensions inside assembly 'Microsoft.Diagnostics.NETCore.Client, Version=0.2.8.21101, Culture=neutral, PublicKeyToken=31bf3856ad364e35' file path 'C:\Program Files\dotnet\sdk\7.0.403\Extensions\Microsoft.Diagnostics.NETCore.Client.dll'
TpTrace Information: 0 : 15712, 1, 2023/11/09, 11:00:40.417, 1785154911067, vstest.console.dll, AssemblyResolver.OnResolve: Microsoft.Bcl.AsyncInterfaces: Resolving assembly.
TpTrace Information: 0 : 15712, 1, 2023/11/09, 11:00:40.417, 1785154911735, vstest.console.dll, AssemblyResolver.OnResolve: Microsoft.Bcl.AsyncInterfaces: Searching in: 'C:\Program Files\dotnet\sdk\7.0.403\Extensions'.
TpTrace Information: 0 : 15712, 1, 2023/11/09, 11:00:40.417, 1785154912478, vstest.console.dll, AssemblyResolver.OnResolve: Microsoft.Bcl.AsyncInterfaces: Assembly path does not exist: 'C:\Program Files\dotnet\sdk\7.0.403\Extensions\Microsoft.Bcl.AsyncInterfaces.dll', returning.
TpTrace Information: 0 : 15712, 1, 2023/11/09, 11:00:40.417, 1785154913542, vstest.console.dll, AssemblyResolver.OnResolve: Microsoft.Bcl.AsyncInterfaces: Assembly path does not exist: 'C:\Program Files\dotnet\sdk\7.0.403\Extensions\Microsoft.Bcl.AsyncInterfaces.exe', returning.
TpTrace Information: 0 : 15712, 1, 2023/11/09, 11:00:40.417, 1785154913869, vstest.console.dll, AssemblyResolver.OnResolve: Microsoft.Bcl.AsyncInterfaces: Searching in: 'C:\Program Files\dotnet\sdk\7.0.403'.
TpTrace Information: 0 : 15712, 1, 2023/11/09, 11:00:40.417, 1785154914429, vstest.console.dll, AssemblyResolver.OnResolve: Microsoft.Bcl.AsyncInterfaces: Assembly path does not exist: 'C:\Program Files\dotnet\sdk\7.0.403\Microsoft.Bcl.AsyncInterfaces.dll', returning.
TpTrace Information: 0 : 15712, 1, 2023/11/09, 11:00:40.417, 1785154914947, vstest.console.dll, AssemblyResolver.OnResolve: Microsoft.Bcl.AsyncInterfaces: Assembly path does not exist: 'C:\Program Files\dotnet\sdk\7.0.403\Microsoft.Bcl.AsyncInterfaces.exe', returning.
TpTrace Information: 0 : 15712, 1, 2023/11/09, 11:00:40.417, 1785154915206, vstest.console.dll, AssemblyResolver.OnResolve: Microsoft.Bcl.AsyncInterfaces: Failed to load assembly.
TpTrace Verbose: 0 : 15712, 1, 2023/11/09, 11:00:40.417, 1785154915545, vstest.console.dll, CurrentDomainAssemblyResolve: Resolving assembly 'Microsoft.Bcl.AsyncInterfaces'.
TpTrace Information: 0 : 15712, 1, 2023/11/09, 11:00:40.417, 1785154916230, vstest.console.dll, AssemblyResolver.OnResolve: Microsoft.Bcl.AsyncInterfaces: Resolving assembly.
TpTrace Information: 0 : 15712, 1, 2023/11/09, 11:00:40.418, 1785154916560, vstest.console.dll, AssemblyResolver.OnResolve: Microsoft.Bcl.AsyncInterfaces: Resolved from cache.
TpTrace Verbose: 0 : 15712, 1, 2023/11/09, 11:00:40.418, 1785154916800, vstest.console.dll, CurrentDomainAssemblyResolve: Resolving assembly 'Microsoft.Bcl.AsyncInterfaces'.
TpTrace Verbose: 0 : 15712, 1, 2023/11/09, 11:00:40.418, 1785154917093, vstest.console.dll, CurrentDomainAssemblyResolve: Failed to resolve assembly 'Microsoft.Bcl.AsyncInterfaces'.
TpTrace Verbose: 0 : 15712, 1, 2023/11/09, 11:00:40.418, 1785154925503, vstest.console.dll, CurrentDomainAssemblyResolve: Failed to resolve assembly 'Microsoft.Bcl.AsyncInterfaces'.
TpTrace Warning: 0 : 15712, 1, 2023/11/09, 11:00:40.428, 1785155020140, vstest.console.dll, TestPluginDiscoverer: Failed to get types from assembly 'Microsoft.Diagnostics.NETCore.Client, Version=0.2.8.21101, Culture=neutral, PublicKeyToken=31bf3856ad364e35'. Error: System.Reflection.ReflectionTypeLoadException: Unable to load one or more of the requested types.
Could not load file or assembly 'Microsoft.Bcl.AsyncInterfaces, Version=1.0.0.0, Culture=neutral, PublicKeyToken=cc7b13ffcd2ddd51'. The system cannot find the file specified.
   at System.Reflection.RuntimeModule.GetTypes(RuntimeModule module)
   at System.Reflection.Assembly.GetTypes()
   at Microsoft.VisualStudio.TestPlatform.Common.ExtensionFramework.TestPluginDiscoverer.GetTestExtensionsFromAssembly[TPluginInfo,TExtension](Assembly assembly, Dictionary`2 pluginInfos, String filePath) in /_/src/Microsoft.TestPlatform.Common/ExtensionFramework/TestPluginDiscoverer.cs:line 158
System.IO.FileNotFoundException: Could not load file or assembly 'Microsoft.Bcl.AsyncInterfaces, Version=1.0.0.0, Culture=neutral, PublicKeyToken=cc7b13ffcd2ddd51'. The system cannot find the file specified.
File name: 'Microsoft.Bcl.AsyncInterfaces, Version=1.0.0.0, Culture=neutral, PublicKeyToken=cc7b13ffcd2ddd51'
 ---> System.IO.FileNotFoundException: Could not load file or assembly 'Microsoft.Bcl.AsyncInterfaces, Culture=neutral, PublicKeyToken=null'. The system cannot find the file specified.
File name: 'Microsoft.Bcl.AsyncInterfaces, Culture=neutral, PublicKeyToken=null'
   at System.Reflection.RuntimeAssembly.InternalLoad(AssemblyName assemblyName, StackCrawlMark& stackMark, AssemblyLoadContext assemblyLoadContext, RuntimeAssembly requestingAssembly, Boolean throwOnFileNotFound)
   at System.Reflection.Assembly.Load(AssemblyName assemblyRef)
   at Microsoft.VisualStudio.TestPlatform.Common.ExtensionFramework.TestPluginCache.CurrentDomainAssemblyResolve(Object sender, AssemblyResolveEventArgs args) in /_/src/Microsoft.TestPlatform.Common/ExtensionFramework/TestPluginCache.cs:line 513
   at System.Runtime.Loader.AssemblyLoadContext.GetFirstResolvedAssemblyFromResolvingEvent(AssemblyName assemblyName)
   at System.Runtime.Loader.AssemblyLoadContext.ResolveUsingEvent(AssemblyName assemblyName)
   at System.Runtime.Loader.AssemblyLoadContext.ResolveUsingResolvingEvent(IntPtr gchManagedAssemblyLoadContext, AssemblyName assemblyName)
TpTrace Warning: 0 : 15712, 1, 2023/11/09, 11:00:40.428, 1785155023439, vstest.console.dll, LoaderExceptions: System.IO.FileNotFoundException: Could not load file or assembly 'Microsoft.Bcl.AsyncInterfaces, Version=1.0.0.0, Culture=neutral, PublicKeyToken=cc7b13ffcd2ddd51'. The system cannot find the file specified.
File name: 'Microsoft.Bcl.AsyncInterfaces, Version=1.0.0.0, Culture=neutral, PublicKeyToken=cc7b13ffcd2ddd51'
 ---> System.IO.FileNotFoundException: Could not load file or assembly 'Microsoft.Bcl.AsyncInterfaces, Culture=neutral, PublicKeyToken=null'. The system cannot find the file specified.
File name: 'Microsoft.Bcl.AsyncInterfaces, Culture=neutral, PublicKeyToken=null'
   at System.Reflection.RuntimeAssembly.InternalLoad(AssemblyName assemblyName, StackCrawlMark& stackMark, AssemblyLoadContext assemblyLoadContext, RuntimeAssembly requestingAssembly, Boolean throwOnFileNotFound)
   at System.Reflection.Assembly.Load(AssemblyName assemblyRef)
   at Microsoft.VisualStudio.TestPlatform.Common.ExtensionFramework.TestPluginCache.CurrentDomainAssemblyResolve(Object sender, AssemblyResolveEventArgs args) in /_/src/Microsoft.TestPlatform.Common/ExtensionFramework/TestPluginCache.cs:line 513
   at System.Runtime.Loader.AssemblyLoadContext.GetFirstResolvedAssemblyFromResolvingEvent(AssemblyName assemblyName)
   at System.Runtime.Loader.AssemblyLoadContext.ResolveUsingEvent(AssemblyName assemblyName)
   at System.Runtime.Loader.AssemblyLoadContext.ResolveUsingResolvingEvent(IntPtr gchManagedAssemblyLoadContext, AssemblyName assemblyName)
TpTrace Information: 0 : 15712, 1, 2023/11/09, 11:00:40.428, 1785155024774, vstest.console.dll, AssemblyResolver.OnResolve: Microsoft.TestPlatform.Extensions.BlameDataCollector: Resolving assembly.
TpTrace Information: 0 : 15712, 1, 2023/11/09, 11:00:40.428, 1785155025142, vstest.console.dll, AssemblyResolver.OnResolve: Microsoft.TestPlatform.Extensions.BlameDataCollector: Searching in: 'C:\Program Files\dotnet\sdk\7.0.403\Extensions'.
TpTrace Information: 0 : 15712, 1, 2023/11/09, 11:00:40.429, 1785155029611, vstest.console.dll, AssemblyResolver.OnResolve: Microsoft.TestPlatform.Extensions.BlameDataCollector: Loading assembly 'C:\Program Files\dotnet\sdk\7.0.403\Extensions\Microsoft.TestPlatform.Extensions.BlameDataCollector.dll'.
TpTrace Information: 0 : 15712, 1, 2023/11/09, 11:00:40.429, 1785155034588, vstest.console.dll, AssemblyResolver.OnResolve: Resolved assembly: Microsoft.TestPlatform.Extensions.BlameDataCollector, from path: C:\Program Files\dotnet\sdk\7.0.403\Extensions\Microsoft.TestPlatform.Extensions.BlameDataCollector.dll
TpTrace Verbose: 0 : 15712, 1, 2023/11/09, 11:00:40.429, 1785155035223, vstest.console.dll, MetadataReaderExtensionsHelper: Discovering extensions inside assembly 'Microsoft.TestPlatform.Extensions.BlameDataCollector, Version=15.0.0.0, Culture=neutral, PublicKeyToken=b03f5f7f11d50a3a' file path 'C:\Program Files\dotnet\sdk\7.0.403\Extensions\Microsoft.TestPlatform.Extensions.BlameDataCollector.dll'
TpTrace Information: 0 : 15712, 1, 2023/11/09, 11:00:40.431, 1785155047088, vstest.console.dll, AssemblyResolver.OnResolve: Microsoft.TestPlatform.Extensions.EventLogCollector: Resolving assembly.
TpTrace Information: 0 : 15712, 1, 2023/11/09, 11:00:40.431, 1785155047506, vstest.console.dll, AssemblyResolver.OnResolve: Microsoft.TestPlatform.Extensions.EventLogCollector: Searching in: 'C:\Program Files\dotnet\sdk\7.0.403\Extensions'.
TpTrace Information: 0 : 15712, 1, 2023/11/09, 11:00:40.431, 1785155050877, vstest.console.dll, AssemblyResolver.OnResolve: Microsoft.TestPlatform.Extensions.EventLogCollector: Loading assembly 'C:\Program Files\dotnet\sdk\7.0.403\Extensions\Microsoft.TestPlatform.Extensions.EventLogCollector.dll'.
TpTrace Information: 0 : 15712, 1, 2023/11/09, 11:00:40.431, 1785155054382, vstest.console.dll, AssemblyResolver.OnResolve: Resolved assembly: Microsoft.TestPlatform.Extensions.EventLogCollector, from path: C:\Program Files\dotnet\sdk\7.0.403\Extensions\Microsoft.TestPlatform.Extensions.EventLogCollector.dll
TpTrace Verbose: 0 : 15712, 1, 2023/11/09, 11:00:40.431, 1785155054853, vstest.console.dll, MetadataReaderExtensionsHelper: Discovering extensions inside assembly 'Microsoft.TestPlatform.Extensions.EventLogCollector, Version=15.0.0.0, Culture=neutral, PublicKeyToken=b03f5f7f11d50a3a' file path 'C:\Program Files\dotnet\sdk\7.0.403\Extensions\Microsoft.TestPlatform.Extensions.EventLogCollector.dll'
TpTrace Information: 0 : 15712, 1, 2023/11/09, 11:00:40.433, 1785155074278, vstest.console.dll, AssemblyResolver.OnResolve: Microsoft.TestPlatform.TestHostRuntimeProvider: Resolving assembly.
TpTrace Information: 0 : 15712, 1, 2023/11/09, 11:00:40.433, 1785155074735, vstest.console.dll, AssemblyResolver.OnResolve: Microsoft.TestPlatform.TestHostRuntimeProvider: Searching in: 'C:\Program Files\dotnet\sdk\7.0.403\Extensions'.
TpTrace Information: 0 : 15712, 1, 2023/11/09, 11:00:40.434, 1785155078354, vstest.console.dll, AssemblyResolver.OnResolve: Microsoft.TestPlatform.TestHostRuntimeProvider: Loading assembly 'C:\Program Files\dotnet\sdk\7.0.403\Extensions\Microsoft.TestPlatform.TestHostRuntimeProvider.dll'.
TpTrace Information: 0 : 15712, 1, 2023/11/09, 11:00:40.434, 1785155082668, vstest.console.dll, AssemblyResolver.OnResolve: Resolved assembly: Microsoft.TestPlatform.TestHostRuntimeProvider, from path: C:\Program Files\dotnet\sdk\7.0.403\Extensions\Microsoft.TestPlatform.TestHostRuntimeProvider.dll
TpTrace Verbose: 0 : 15712, 1, 2023/11/09, 11:00:40.434, 1785155083147, vstest.console.dll, MetadataReaderExtensionsHelper: Discovering extensions inside assembly 'Microsoft.TestPlatform.TestHostRuntimeProvider, Version=15.0.0.0, Culture=neutral, PublicKeyToken=b03f5f7f11d50a3a' file path 'C:\Program Files\dotnet\sdk\7.0.403\Extensions\Microsoft.TestPlatform.TestHostRuntimeProvider.dll'
TpTrace Information: 0 : 15712, 1, 2023/11/09, 11:00:40.436, 1785155098122, vstest.console.dll, GetTestExtensionFromType: Register extension with identifier data 'HostProvider://DefaultTestHost' and type 'Microsoft.VisualStudio.TestPlatform.CrossPlatEngine.Hosting.DefaultTestHostManager, Microsoft.TestPlatform.TestHostRuntimeProvider, Version=15.0.0.0, Culture=neutral, PublicKeyToken=b03f5f7f11d50a3a' inside file 'C:\Program Files\dotnet\sdk\7.0.403\Extensions\Microsoft.TestPlatform.TestHostRuntimeProvider.dll'
TpTrace Information: 0 : 15712, 1, 2023/11/09, 11:00:40.436, 1785155100029, vstest.console.dll, GetTestExtensionFromType: Register extension with identifier data 'HostProvider://DotnetTestHost' and type 'Microsoft.VisualStudio.TestPlatform.CrossPlatEngine.Hosting.DotnetTestHostManager, Microsoft.TestPlatform.TestHostRuntimeProvider, Version=15.0.0.0, Culture=neutral, PublicKeyToken=b03f5f7f11d50a3a' inside file 'C:\Program Files\dotnet\sdk\7.0.403\Extensions\Microsoft.TestPlatform.TestHostRuntimeProvider.dll'
TpTrace Information: 0 : 15712, 1, 2023/11/09, 11:00:40.436, 1785155100566, vstest.console.dll, AssemblyResolver.OnResolve: Microsoft.VisualStudio.TestPlatform.Extensions.Html.TestLogger: Resolving assembly.
TpTrace Information: 0 : 15712, 1, 2023/11/09, 11:00:40.436, 1785155100816, vstest.console.dll, AssemblyResolver.OnResolve: Microsoft.VisualStudio.TestPlatform.Extensions.Html.TestLogger: Searching in: 'C:\Program Files\dotnet\sdk\7.0.403\Extensions'.
TpTrace Information: 0 : 15712, 1, 2023/11/09, 11:00:40.436, 1785155103949, vstest.console.dll, AssemblyResolver.OnResolve: Microsoft.VisualStudio.TestPlatform.Extensions.Html.TestLogger: Loading assembly 'C:\Program Files\dotnet\sdk\7.0.403\Extensions\Microsoft.VisualStudio.TestPlatform.Extensions.Html.TestLogger.dll'.
TpTrace Information: 0 : 15712, 1, 2023/11/09, 11:00:40.437, 1785155107811, vstest.console.dll, AssemblyResolver.OnResolve: Resolved assembly: Microsoft.VisualStudio.TestPlatform.Extensions.Html.TestLogger, from path: C:\Program Files\dotnet\sdk\7.0.403\Extensions\Microsoft.VisualStudio.TestPlatform.Extensions.Html.TestLogger.dll
TpTrace Verbose: 0 : 15712, 1, 2023/11/09, 11:00:40.437, 1785155108306, vstest.console.dll, MetadataReaderExtensionsHelper: Discovering extensions inside assembly 'Microsoft.VisualStudio.TestPlatform.Extensions.Html.TestLogger, Version=15.0.0.0, Culture=neutral, PublicKeyToken=b03f5f7f11d50a3a' file path 'C:\Program Files\dotnet\sdk\7.0.403\Extensions\Microsoft.VisualStudio.TestPlatform.Extensions.Html.TestLogger.dll'
TpTrace Information: 0 : 15712, 1, 2023/11/09, 11:00:40.437, 1785155114278, vstest.console.dll, AssemblyResolver.OnResolve: Microsoft.VisualStudio.TestPlatform.Extensions.Trx.TestLogger: Resolving assembly.
TpTrace Information: 0 : 15712, 1, 2023/11/09, 11:00:40.437, 1785155114665, vstest.console.dll, AssemblyResolver.OnResolve: Microsoft.VisualStudio.TestPlatform.Extensions.Trx.TestLogger: Searching in: 'C:\Program Files\dotnet\sdk\7.0.403\Extensions'.
TpTrace Information: 0 : 15712, 1, 2023/11/09, 11:00:40.438, 1785155117450, vstest.console.dll, AssemblyResolver.OnResolve: Microsoft.VisualStudio.TestPlatform.Extensions.Trx.TestLogger: Loading assembly 'C:\Program Files\dotnet\sdk\7.0.403\Extensions\Microsoft.VisualStudio.TestPlatform.Extensions.Trx.TestLogger.dll'.
TpTrace Information: 0 : 15712, 1, 2023/11/09, 11:00:40.438, 1785155121334, vstest.console.dll, AssemblyResolver.OnResolve: Resolved assembly: Microsoft.VisualStudio.TestPlatform.Extensions.Trx.TestLogger, from path: C:\Program Files\dotnet\sdk\7.0.403\Extensions\Microsoft.VisualStudio.TestPlatform.Extensions.Trx.TestLogger.dll
TpTrace Verbose: 0 : 15712, 1, 2023/11/09, 11:00:40.438, 1785155121773, vstest.console.dll, MetadataReaderExtensionsHelper: Discovering extensions inside assembly 'Microsoft.VisualStudio.TestPlatform.Extensions.Trx.TestLogger, Version=15.0.0.0, Culture=neutral, PublicKeyToken=b03f5f7f11d50a3a' file path 'C:\Program Files\dotnet\sdk\7.0.403\Extensions\Microsoft.VisualStudio.TestPlatform.Extensions.Trx.TestLogger.dll'
TpTrace Verbose: 0 : 15712, 1, 2023/11/09, 11:00:40.439, 1785155130115, vstest.console.dll, TestPluginCache: Discovered the extensions using extension path ''.
TpTrace Verbose: 0 : 15712, 1, 2023/11/09, 11:00:40.439, 1785155130627, vstest.console.dll, TestPluginCache: Discoverers are ''.
TpTrace Verbose: 0 : 15712, 1, 2023/11/09, 11:00:40.439, 1785155130833, vstest.console.dll, TestPluginCache: Executors are ''.
TpTrace Verbose: 0 : 15712, 1, 2023/11/09, 11:00:40.439, 1785155130995, vstest.console.dll, TestPluginCache: Executors2 are ''.
TpTrace Verbose: 0 : 15712, 1, 2023/11/09, 11:00:40.439, 1785155131152, vstest.console.dll, TestPluginCache: Setting providers are ''.
TpTrace Verbose: 0 : 15712, 1, 2023/11/09, 11:00:40.439, 1785155131308, vstest.console.dll, TestPluginCache: Loggers are ''.
TpTrace Verbose: 0 : 15712, 1, 2023/11/09, 11:00:40.439, 1785155132166, vstest.console.dll, TestPluginCache: TestHosts are 'HostProvider://DefaultTestHost,HostProvider://DotnetTestHost'.
TpTrace Verbose: 0 : 15712, 1, 2023/11/09, 11:00:40.439, 1785155132454, vstest.console.dll, TestPluginCache: DataCollectors are ''.
TpTrace Information: 0 : 15712, 1, 2023/11/09, 11:00:40.447, 1785155211900, vstest.console.dll, RunTestsArgumentProcessor:Execute: Test run is starting.
TpTrace Verbose: 0 : 15712, 1, 2023/11/09, 11:00:40.447, 1785155212612, vstest.console.dll, RunTestsArgumentProcessor:Execute: Queuing Test run.
TpTrace Information: 0 : 15712, 1, 2023/11/09, 11:00:40.447, 1785155214480, vstest.console.dll, TestRequestManager.RunTests: run tests started.
TpTrace Information: 0 : 15712, 1, 2023/11/09, 11:00:40.448, 1785155223757, vstest.console.dll, AssemblyMetadataProvider.GetFrameworkName: Determined framework:'.NETCoreApp,Version=v6.0' for source: 'C:\Dev\.Net Assigments\Assignment5Test\bin\Debug\net6.0\fine-code-coverage\build-output\Assignment5Test.dll'
TpTrace Information: 0 : 15712, 1, 2023/11/09, 11:00:40.448, 1785155224830, vstest.console.dll, Determined framework for all sources: .NETCoreApp,Version=v6.0
TpTrace Verbose: 0 : 15712, 1, 2023/11/09, 11:00:40.449, 1785155227622, vstest.console.dll, TestRequestManager.UpdateRunSettingsIfRequired: Default architecture: X64 IsDefaultTargetArchitecture: True, Current process architecture: X64 OperatingSystem: Windows.
TpTrace Information: 0 : 15712, 1, 2023/11/09, 11:00:40.450, 1785155241535, vstest.console.dll, AssemblyMetadataProvider.GetArchitecture: Determined architecture:AnyCPU info for assembly: C:\Dev\.Net Assigments\Assignment5Test\bin\Debug\net6.0\fine-code-coverage\build-output\Assignment5Test.dll
TpTrace Information: 0 : 15712, 1, 2023/11/09, 11:00:40.450, 1785155241949, vstest.console.dll, Determined platform for source 'C:\Dev\.Net Assigments\Assignment5Test\bin\Debug\net6.0\fine-code-coverage\build-output\Assignment5Test.dll' was AnyCPU and it will use the default plaform X64.
TpTrace Information: 0 : 15712, 1, 2023/11/09, 11:00:40.450, 1785155242160, vstest.console.dll, None of the sources provided any runnable platform, using the default platform: X64
TpTrace Information: 0 : 15712, 1, 2023/11/09, 11:00:40.450, 1785155242731, vstest.console.dll, Platform was updated to 'X64'.
TpTrace Information: 0 : 15712, 1, 2023/11/09, 11:00:40.453, 1785155267049, vstest.console.dll, InferRunSettingsHelper.IsTestSettingsEnabled: Unable to navigate to RunSettings/MSTest. Current node: RunSettings
TpTrace Information: 0 : 15712, 1, 2023/11/09, 11:00:40.453, 1785155271536, vstest.console.dll, AssemblyResolver.OnResolve: Microsoft.VisualStudio.TestPlatform.Fakes: Resolving assembly.
TpTrace Information: 0 : 15712, 1, 2023/11/09, 11:00:40.453, 1785155271915, vstest.console.dll, AssemblyResolver.OnResolve: Microsoft.VisualStudio.TestPlatform.Fakes: Searching in: 'C:\Program Files\dotnet\sdk\7.0.403\Extensions'.
TpTrace Information: 0 : 15712, 1, 2023/11/09, 11:00:40.453, 1785155272548, vstest.console.dll, AssemblyResolver.OnResolve: Microsoft.VisualStudio.TestPlatform.Fakes: Assembly path does not exist: 'C:\Program Files\dotnet\sdk\7.0.403\Extensions\Microsoft.VisualStudio.TestPlatform.Fakes.dll', returning.
TpTrace Information: 0 : 15712, 1, 2023/11/09, 11:00:40.453, 1785155273034, vstest.console.dll, AssemblyResolver.OnResolve: Microsoft.VisualStudio.TestPlatform.Fakes: Assembly path does not exist: 'C:\Program Files\dotnet\sdk\7.0.403\Extensions\Microsoft.VisualStudio.TestPlatform.Fakes.exe', returning.
TpTrace Information: 0 : 15712, 1, 2023/11/09, 11:00:40.453, 1785155273244, vstest.console.dll, AssemblyResolver.OnResolve: Microsoft.VisualStudio.TestPlatform.Fakes: Searching in: 'C:\Program Files\dotnet\sdk\7.0.403'.
TpTrace Information: 0 : 15712, 1, 2023/11/09, 11:00:40.453, 1785155273668, vstest.console.dll, AssemblyResolver.OnResolve: Microsoft.VisualStudio.TestPlatform.Fakes: Assembly path does not exist: 'C:\Program Files\dotnet\sdk\7.0.403\Microsoft.VisualStudio.TestPlatform.Fakes.dll', returning.
TpTrace Information: 0 : 15712, 1, 2023/11/09, 11:00:40.453, 1785155274127, vstest.console.dll, AssemblyResolver.OnResolve: Microsoft.VisualStudio.TestPlatform.Fakes: Assembly path does not exist: 'C:\Program Files\dotnet\sdk\7.0.403\Microsoft.VisualStudio.TestPlatform.Fakes.exe', returning.
TpTrace Information: 0 : 15712, 1, 2023/11/09, 11:00:40.453, 1785155274362, vstest.console.dll, AssemblyResolver.OnResolve: Microsoft.VisualStudio.TestPlatform.Fakes: Failed to load assembly.
TpTrace Information: 0 : 15712, 1, 2023/11/09, 11:00:40.453, 1785155276267, vstest.console.dll, Failed to load assembly Microsoft.VisualStudio.TestPlatform.Fakes, Version=17.0.0.0, Culture=neutral. Reason:System.IO.FileNotFoundException: Could not load file or assembly 'Microsoft.VisualStudio.TestPlatform.Fakes, Version=17.0.0.0, Culture=neutral, PublicKeyToken=null'. The system cannot find the file specified.
File name: 'Microsoft.VisualStudio.TestPlatform.Fakes, Version=17.0.0.0, Culture=neutral, PublicKeyToken=null'
   at System.Reflection.RuntimeAssembly.InternalLoad(AssemblyName assemblyName, StackCrawlMark& stackMark, AssemblyLoadContext assemblyLoadContext, RuntimeAssembly requestingAssembly, Boolean throwOnFileNotFound)
   at System.Reflection.Assembly.Load(AssemblyName assemblyRef)
   at Microsoft.VisualStudio.TestPlatform.Common.Utilities.FakesUtilities.LoadTestPlatformAssembly() in /_/src/Microsoft.TestPlatform.Common/Utilities/FakesUtilities.cs:line 272
TpTrace Verbose: 0 : 15712, 1, 2023/11/09, 11:00:40.456, 1785155299405, vstest.console.dll, TestPluginCache.DiscoverTestExtensions: finding test extensions in assemblies ends with: TestLogger.dll TPluginInfo: Microsoft.VisualStudio.TestPlatform.Common.ExtensionFramework.Utilities.TestLoggerPluginInformation TExtension: Microsoft.VisualStudio.TestPlatform.ObjectModel.Client.ITestLogger
TpTrace Verbose: 0 : 15712, 1, 2023/11/09, 11:00:40.456, 1785155299962, vstest.console.dll, TestPluginCache.GetExtensionPaths: Filtered extension paths: 
TpTrace Verbose: 0 : 15712, 1, 2023/11/09, 11:00:40.456, 1785155300209, vstest.console.dll, TestPluginCache.GetExtensionPaths: Added default extension paths: C:\Program Files\dotnet\sdk\7.0.403\Extensions\Microsoft.Diagnostics.NETCore.Client.dll
C:\Program Files\dotnet\sdk\7.0.403\Extensions\Microsoft.TestPlatform.Extensions.BlameDataCollector.dll
C:\Program Files\dotnet\sdk\7.0.403\Extensions\Microsoft.TestPlatform.Extensions.EventLogCollector.dll
C:\Program Files\dotnet\sdk\7.0.403\Extensions\Microsoft.TestPlatform.TestHostRuntimeProvider.dll
C:\Program Files\dotnet\sdk\7.0.403\Extensions\Microsoft.VisualStudio.TestPlatform.Extensions.Html.TestLogger.dll
C:\Program Files\dotnet\sdk\7.0.403\Extensions\Microsoft.VisualStudio.TestPlatform.Extensions.Trx.TestLogger.dll
TpTrace Verbose: 0 : 15712, 1, 2023/11/09, 11:00:40.456, 1785155300395, vstest.console.dll, TestPluginCache.GetExtensionPaths: Added unfilterableExtensionPaths: 
TpTrace Information: 0 : 15712, 1, 2023/11/09, 11:00:40.456, 1785155301210, vstest.console.dll, AssemblyResolver.AddSearchDirectories: Adding more searchDirectories C:\Program Files\dotnet\sdk\7.0.403\Extensions,C:\Program Files\dotnet\sdk\7.0.403
TpTrace Verbose: 0 : 15712, 1, 2023/11/09, 11:00:40.456, 1785155301668, vstest.console.dll, TestPluginCache.DiscoverTestExtensions: Discovering the extensions using extension path.
TpTrace Verbose: 0 : 15712, 1, 2023/11/09, 11:00:40.456, 1785155301886, vstest.console.dll, TestPluginCache.GetExtensionPaths: Filtered extension paths: 
TpTrace Verbose: 0 : 15712, 1, 2023/11/09, 11:00:40.456, 1785155302093, vstest.console.dll, TestPluginCache.GetExtensionPaths: Added default extension paths: C:\Program Files\dotnet\sdk\7.0.403\Extensions\Microsoft.Diagnostics.NETCore.Client.dll
C:\Program Files\dotnet\sdk\7.0.403\Extensions\Microsoft.TestPlatform.Extensions.BlameDataCollector.dll
C:\Program Files\dotnet\sdk\7.0.403\Extensions\Microsoft.TestPlatform.Extensions.EventLogCollector.dll
C:\Program Files\dotnet\sdk\7.0.403\Extensions\Microsoft.TestPlatform.TestHostRuntimeProvider.dll
C:\Program Files\dotnet\sdk\7.0.403\Extensions\Microsoft.VisualStudio.TestPlatform.Extensions.Html.TestLogger.dll
C:\Program Files\dotnet\sdk\7.0.403\Extensions\Microsoft.VisualStudio.TestPlatform.Extensions.Trx.TestLogger.dll
TpTrace Verbose: 0 : 15712, 1, 2023/11/09, 11:00:40.456, 1785155302270, vstest.console.dll, TestPluginCache.GetExtensionPaths: Added unfilterableExtensionPaths: 
TpTrace Verbose: 0 : 15712, 1, 2023/11/09, 11:00:40.456, 1785155302469, vstest.console.dll, TestPluginCache.DiscoverTestExtensions: Discovering the extensions using allExtensionPaths: C:\Program Files\dotnet\sdk\7.0.403\Extensions\Microsoft.Diagnostics.NETCore.Client.dll
C:\Program Files\dotnet\sdk\7.0.403\Extensions\Microsoft.TestPlatform.Extensions.BlameDataCollector.dll
C:\Program Files\dotnet\sdk\7.0.403\Extensions\Microsoft.TestPlatform.Extensions.EventLogCollector.dll
C:\Program Files\dotnet\sdk\7.0.403\Extensions\Microsoft.TestPlatform.TestHostRuntimeProvider.dll
C:\Program Files\dotnet\sdk\7.0.403\Extensions\Microsoft.VisualStudio.TestPlatform.Extensions.Html.TestLogger.dll
C:\Program Files\dotnet\sdk\7.0.403\Extensions\Microsoft.VisualStudio.TestPlatform.Extensions.Trx.TestLogger.dll
TpTrace Information: 0 : 15712, 1, 2023/11/09, 11:00:40.456, 1785155303115, vstest.console.dll, AssemblyResolver.AddSearchDirectories: Adding more searchDirectories C:\Program Files\dotnet\sdk\7.0.403\Extensions,C:\Program Files\dotnet\sdk\7.0.403
TpTrace Information: 0 : 15712, 1, 2023/11/09, 11:00:40.456, 1785155303439, vstest.console.dll, AssemblyResolver.AddSearchDirectories: Adding more searchDirectories C:\Program Files\dotnet\sdk\7.0.403\Extensions,C:\Program Files\dotnet\sdk\7.0.403
TpTrace Information: 0 : 15712, 1, 2023/11/09, 11:00:40.456, 1785155303642, vstest.console.dll, AssemblyResolver.AddSearchDirectories: Adding more searchDirectories C:\Program Files\dotnet\sdk\7.0.403\Extensions,C:\Program Files\dotnet\sdk\7.0.403
TpTrace Information: 0 : 15712, 1, 2023/11/09, 11:00:40.456, 1785155303836, vstest.console.dll, AssemblyResolver.AddSearchDirectories: Adding more searchDirectories C:\Program Files\dotnet\sdk\7.0.403\Extensions,C:\Program Files\dotnet\sdk\7.0.403
TpTrace Information: 0 : 15712, 1, 2023/11/09, 11:00:40.456, 1785155304053, vstest.console.dll, AssemblyResolver.AddSearchDirectories: Adding more searchDirectories C:\Program Files\dotnet\sdk\7.0.403\Extensions,C:\Program Files\dotnet\sdk\7.0.403
TpTrace Information: 0 : 15712, 1, 2023/11/09, 11:00:40.456, 1785155304248, vstest.console.dll, AssemblyResolver.AddSearchDirectories: Adding more searchDirectories C:\Program Files\dotnet\sdk\7.0.403\Extensions,C:\Program Files\dotnet\sdk\7.0.403
TpTrace Verbose: 0 : 15712, 1, 2023/11/09, 11:00:40.456, 1785155304901, vstest.console.dll, MetadataReaderExtensionsHelper: Discovering extensions inside assembly 'Microsoft.Diagnostics.NETCore.Client, Version=0.2.8.21101, Culture=neutral, PublicKeyToken=31bf3856ad364e35' file path 'C:\Program Files\dotnet\sdk\7.0.403\Extensions\Microsoft.Diagnostics.NETCore.Client.dll'
TpTrace Information: 0 : 15712, 1, 2023/11/09, 11:00:40.457, 1785155312087, vstest.console.dll, AssemblyResolver.OnResolve: Microsoft.Bcl.AsyncInterfaces: Resolving assembly.
TpTrace Information: 0 : 15712, 1, 2023/11/09, 11:00:40.457, 1785155312421, vstest.console.dll, AssemblyResolver.OnResolve: Microsoft.Bcl.AsyncInterfaces: Resolved from cache.
TpTrace Verbose: 0 : 15712, 1, 2023/11/09, 11:00:40.457, 1785155312652, vstest.console.dll, CurrentDomainAssemblyResolve: Resolving assembly 'Microsoft.Bcl.AsyncInterfaces'.
TpTrace Information: 0 : 15712, 1, 2023/11/09, 11:00:40.457, 1785155312941, vstest.console.dll, AssemblyResolver.OnResolve: Microsoft.Bcl.AsyncInterfaces: Resolving assembly.
TpTrace Information: 0 : 15712, 1, 2023/11/09, 11:00:40.457, 1785155313132, vstest.console.dll, AssemblyResolver.OnResolve: Microsoft.Bcl.AsyncInterfaces: Resolved from cache.
TpTrace Verbose: 0 : 15712, 1, 2023/11/09, 11:00:40.457, 1785155313302, vstest.console.dll, CurrentDomainAssemblyResolve: Resolving assembly 'Microsoft.Bcl.AsyncInterfaces'.
TpTrace Verbose: 0 : 15712, 1, 2023/11/09, 11:00:40.457, 1785155313467, vstest.console.dll, CurrentDomainAssemblyResolve: Failed to resolve assembly 'Microsoft.Bcl.AsyncInterfaces'.
TpTrace Verbose: 0 : 15712, 1, 2023/11/09, 11:00:40.457, 1785155314432, vstest.console.dll, CurrentDomainAssemblyResolve: Failed to resolve assembly 'Microsoft.Bcl.AsyncInterfaces'.
TpTrace Warning: 0 : 15712, 1, 2023/11/09, 11:00:40.458, 1785155316890, vstest.console.dll, TestPluginDiscoverer: Failed to get types from assembly 'Microsoft.Diagnostics.NETCore.Client, Version=0.2.8.21101, Culture=neutral, PublicKeyToken=31bf3856ad364e35'. Error: System.Reflection.ReflectionTypeLoadException: Unable to load one or more of the requested types.
Could not load file or assembly 'Microsoft.Bcl.AsyncInterfaces, Version=1.0.0.0, Culture=neutral, PublicKeyToken=cc7b13ffcd2ddd51'. The system cannot find the file specified.
   at System.Reflection.RuntimeModule.GetTypes(RuntimeModule module)
   at System.Reflection.Assembly.GetTypes()
   at Microsoft.VisualStudio.TestPlatform.Common.ExtensionFramework.TestPluginDiscoverer.GetTestExtensionsFromAssembly[TPluginInfo,TExtension](Assembly assembly, Dictionary`2 pluginInfos, String filePath) in /_/src/Microsoft.TestPlatform.Common/ExtensionFramework/TestPluginDiscoverer.cs:line 158
System.IO.FileNotFoundException: Could not load file or assembly 'Microsoft.Bcl.AsyncInterfaces, Version=1.0.0.0, Culture=neutral, PublicKeyToken=cc7b13ffcd2ddd51'. The system cannot find the file specified.
File name: 'Microsoft.Bcl.AsyncInterfaces, Version=1.0.0.0, Culture=neutral, PublicKeyToken=cc7b13ffcd2ddd51'
 ---> System.IO.FileNotFoundException: Could not load file or assembly 'Microsoft.Bcl.AsyncInterfaces, Culture=neutral, PublicKeyToken=null'. The system cannot find the file specified.
File name: 'Microsoft.Bcl.AsyncInterfaces, Culture=neutral, PublicKeyToken=null'
   at System.Reflection.RuntimeAssembly.InternalLoad(AssemblyName assemblyName, StackCrawlMark& stackMark, AssemblyLoadContext assemblyLoadContext, RuntimeAssembly requestingAssembly, Boolean throwOnFileNotFound)
   at System.Reflection.Assembly.Load(AssemblyName assemblyRef)
   at Microsoft.VisualStudio.TestPlatform.Common.ExtensionFramework.TestPluginCache.CurrentDomainAssemblyResolve(Object sender, AssemblyResolveEventArgs args) in /_/src/Microsoft.TestPlatform.Common/ExtensionFramework/TestPluginCache.cs:line 513
   at System.Runtime.Loader.AssemblyLoadContext.GetFirstResolvedAssemblyFromResolvingEvent(AssemblyName assemblyName)
   at System.Runtime.Loader.AssemblyLoadContext.ResolveUsingEvent(AssemblyName assemblyName)
   at System.Runtime.Loader.AssemblyLoadContext.ResolveUsingResolvingEvent(IntPtr gchManagedAssemblyLoadContext, AssemblyName assemblyName)
TpTrace Warning: 0 : 15712, 1, 2023/11/09, 11:00:40.458, 1785155318064, vstest.console.dll, LoaderExceptions: System.IO.FileNotFoundException: Could not load file or assembly 'Microsoft.Bcl.AsyncInterfaces, Version=1.0.0.0, Culture=neutral, PublicKeyToken=cc7b13ffcd2ddd51'. The system cannot find the file specified.
File name: 'Microsoft.Bcl.AsyncInterfaces, Version=1.0.0.0, Culture=neutral, PublicKeyToken=cc7b13ffcd2ddd51'
 ---> System.IO.FileNotFoundException: Could not load file or assembly 'Microsoft.Bcl.AsyncInterfaces, Culture=neutral, PublicKeyToken=null'. The system cannot find the file specified.
File name: 'Microsoft.Bcl.AsyncInterfaces, Culture=neutral, PublicKeyToken=null'
   at System.Reflection.RuntimeAssembly.InternalLoad(AssemblyName assemblyName, StackCrawlMark& stackMark, AssemblyLoadContext assemblyLoadContext, RuntimeAssembly requestingAssembly, Boolean throwOnFileNotFound)
   at System.Reflection.Assembly.Load(AssemblyName assemblyRef)
   at Microsoft.VisualStudio.TestPlatform.Common.ExtensionFramework.TestPluginCache.CurrentDomainAssemblyResolve(Object sender, AssemblyResolveEventArgs args) in /_/src/Microsoft.TestPlatform.Common/ExtensionFramework/TestPluginCache.cs:line 513
   at System.Runtime.Loader.AssemblyLoadContext.GetFirstResolvedAssemblyFromResolvingEvent(AssemblyName assemblyName)
   at System.Runtime.Loader.AssemblyLoadContext.ResolveUsingEvent(AssemblyName assemblyName)
   at System.Runtime.Loader.AssemblyLoadContext.ResolveUsingResolvingEvent(IntPtr gchManagedAssemblyLoadContext, AssemblyName assemblyName)
TpTrace Verbose: 0 : 15712, 1, 2023/11/09, 11:00:40.458, 1785155318680, vstest.console.dll, MetadataReaderExtensionsHelper: Discovering extensions inside assembly 'Microsoft.TestPlatform.Extensions.BlameDataCollector, Version=15.0.0.0, Culture=neutral, PublicKeyToken=b03f5f7f11d50a3a' file path 'C:\Program Files\dotnet\sdk\7.0.403\Extensions\Microsoft.TestPlatform.Extensions.BlameDataCollector.dll'
TpTrace Information: 0 : 15712, 1, 2023/11/09, 11:00:40.458, 1785155323635, vstest.console.dll, GetTestExtensionFromType: Register extension with identifier data 'logger://Microsoft/TestPlatform/Extensions/Blame/v1' and type 'Microsoft.TestPlatform.Extensions.BlameDataCollector.BlameLogger, Microsoft.TestPlatform.Extensions.BlameDataCollector, Version=15.0.0.0, Culture=neutral, PublicKeyToken=b03f5f7f11d50a3a' inside file 'C:\Program Files\dotnet\sdk\7.0.403\Extensions\Microsoft.TestPlatform.Extensions.BlameDataCollector.dll'
TpTrace Verbose: 0 : 15712, 1, 2023/11/09, 11:00:40.458, 1785155324027, vstest.console.dll, MetadataReaderExtensionsHelper: Discovering extensions inside assembly 'Microsoft.TestPlatform.Extensions.EventLogCollector, Version=15.0.0.0, Culture=neutral, PublicKeyToken=b03f5f7f11d50a3a' file path 'C:\Program Files\dotnet\sdk\7.0.403\Extensions\Microsoft.TestPlatform.Extensions.EventLogCollector.dll'
TpTrace Verbose: 0 : 15712, 1, 2023/11/09, 11:00:40.459, 1785155327968, vstest.console.dll, MetadataReaderExtensionsHelper: Discovering extensions inside assembly 'Microsoft.TestPlatform.TestHostRuntimeProvider, Version=15.0.0.0, Culture=neutral, PublicKeyToken=b03f5f7f11d50a3a' file path 'C:\Program Files\dotnet\sdk\7.0.403\Extensions\Microsoft.TestPlatform.TestHostRuntimeProvider.dll'
TpTrace Verbose: 0 : 15712, 1, 2023/11/09, 11:00:40.459, 1785155330876, vstest.console.dll, MetadataReaderExtensionsHelper: Discovering extensions inside assembly 'Microsoft.VisualStudio.TestPlatform.Extensions.Html.TestLogger, Version=15.0.0.0, Culture=neutral, PublicKeyToken=b03f5f7f11d50a3a' file path 'C:\Program Files\dotnet\sdk\7.0.403\Extensions\Microsoft.VisualStudio.TestPlatform.Extensions.Html.TestLogger.dll'
TpTrace Information: 0 : 15712, 1, 2023/11/09, 11:00:40.459, 1785155335320, vstest.console.dll, GetTestExtensionFromType: Register extension with identifier data 'logger://Microsoft/TestPlatform/HtmlLogger/v1' and type 'Microsoft.VisualStudio.TestPlatform.Extensions.HtmlLogger.HtmlLogger, Microsoft.VisualStudio.TestPlatform.Extensions.Html.TestLogger, Version=15.0.0.0, Culture=neutral, PublicKeyToken=b03f5f7f11d50a3a' inside file 'C:\Program Files\dotnet\sdk\7.0.403\Extensions\Microsoft.VisualStudio.TestPlatform.Extensions.Html.TestLogger.dll'
TpTrace Verbose: 0 : 15712, 1, 2023/11/09, 11:00:40.459, 1785155335740, vstest.console.dll, MetadataReaderExtensionsHelper: Discovering extensions inside assembly 'Microsoft.VisualStudio.TestPlatform.Extensions.Trx.TestLogger, Version=15.0.0.0, Culture=neutral, PublicKeyToken=b03f5f7f11d50a3a' file path 'C:\Program Files\dotnet\sdk\7.0.403\Extensions\Microsoft.VisualStudio.TestPlatform.Extensions.Trx.TestLogger.dll'
TpTrace Information: 0 : 15712, 1, 2023/11/09, 11:00:40.460, 1785155341268, vstest.console.dll, GetTestExtensionFromType: Register extension with identifier data 'logger://Microsoft/TestPlatform/TrxLogger/v1' and type 'Microsoft.VisualStudio.TestPlatform.Extensions.TrxLogger.TrxLogger, Microsoft.VisualStudio.TestPlatform.Extensions.Trx.TestLogger, Version=15.0.0.0, Culture=neutral, PublicKeyToken=b03f5f7f11d50a3a' inside file 'C:\Program Files\dotnet\sdk\7.0.403\Extensions\Microsoft.VisualStudio.TestPlatform.Extensions.Trx.TestLogger.dll'
TpTrace Verbose: 0 : 15712, 1, 2023/11/09, 11:00:40.460, 1785155341921, vstest.console.dll, TestPluginCache: Discovered the extensions using extension path ''.
TpTrace Verbose: 0 : 15712, 1, 2023/11/09, 11:00:40.460, 1785155342166, vstest.console.dll, TestPluginCache: Discoverers are ''.
TpTrace Verbose: 0 : 15712, 1, 2023/11/09, 11:00:40.460, 1785155342382, vstest.console.dll, TestPluginCache: Executors are ''.
TpTrace Verbose: 0 : 15712, 1, 2023/11/09, 11:00:40.460, 1785155342555, vstest.console.dll, TestPluginCache: Executors2 are ''.
TpTrace Verbose: 0 : 15712, 1, 2023/11/09, 11:00:40.460, 1785155342710, vstest.console.dll, TestPluginCache: Setting providers are ''.
TpTrace Verbose: 0 : 15712, 1, 2023/11/09, 11:00:40.460, 1785155343144, vstest.console.dll, TestPluginCache: Loggers are 'logger://Microsoft/TestPlatform/Extensions/Blame/v1,logger://Microsoft/TestPlatform/HtmlLogger/v1,logger://Microsoft/TestPlatform/TrxLogger/v1'.
TpTrace Verbose: 0 : 15712, 1, 2023/11/09, 11:00:40.460, 1785155343477, vstest.console.dll, TestPluginCache: TestHosts are 'HostProvider://DefaultTestHost,HostProvider://DotnetTestHost'.
TpTrace Verbose: 0 : 15712, 1, 2023/11/09, 11:00:40.460, 1785155343675, vstest.console.dll, TestPluginCache: DataCollectors are ''.
TpTrace Information: 0 : 15712, 1, 2023/11/09, 11:00:40.461, 1785155350190, vstest.console.dll, TestPluginManager.CreateTestExtension: Attempting to load test extension: Microsoft.TestPlatform.Extensions.BlameDataCollector.BlameLogger
TpTrace Verbose: 0 : 15712, 1, 2023/11/09, 11:00:40.467, 1785155407909, vstest.console.dll, TestEngine: Initializing Parallel Execution as MaxCpuCount is set to: 1
TpTrace Information: 0 : 15712, 1, 2023/11/09, 11:00:40.468, 1785155419645, vstest.console.dll, TestPluginManager.CreateTestExtension: Attempting to load test extension: Microsoft.VisualStudio.TestPlatform.CrossPlatEngine.Hosting.DefaultTestHostManager
TpTrace Information: 0 : 15712, 1, 2023/11/09, 11:00:40.469, 1785155426925, vstest.console.dll, TestPluginManager.CreateTestExtension: Attempting to load test extension: Microsoft.VisualStudio.TestPlatform.CrossPlatEngine.Hosting.DotnetTestHostManager
TpTrace Information: 0 : 15712, 1, 2023/11/09, 11:00:40.469, 1785155431365, vstest.console.dll, InferRunSettingsHelper.IsTestSettingsEnabled: Unable to navigate to RunSettings/MSTest. Current node: RunSettings
TpTrace Verbose: 0 : 15712, 1, 2023/11/09, 11:00:40.469, 1785155435716, vstest.console.dll, ParallelOperationManager.ClearSlots: Clearing all slots. Slots should accept more work: True
TpTrace Verbose: 0 : 15712, 1, 2023/11/09, 11:00:40.470, 1785155440520, vstest.console.dll, ParallelOperationManager.SetOccupiedSlotCount: Setting slot counts AvailableSlotCount = 1, OccupiedSlotCount = 0.
TpTrace Verbose: 0 : 15712, 1, 2023/11/09, 11:00:40.470, 1785155443613, vstest.console.dll, Occupied slots:

TpTrace Verbose: 0 : 15712, 1, 2023/11/09, 11:00:40.473, 1785155466862, vstest.console.dll, TestEngine.GetExecutionManager: Chosen execution manager 'Microsoft.VisualStudio.TestPlatform.CrossPlatEngine.Client.Parallel.ParallelProxyExecutionManager, Microsoft.TestPlatform.CrossPlatEngine, Version=15.0.0.0, Culture=neutral, PublicKeyToken=b03f5f7f11d50a3a' ParallelLevel '1'.
TpTrace Verbose: 0 : 15712, 1, 2023/11/09, 11:00:40.473, 1785155467795, vstest.console.dll, TestRunRequest.ExecuteAsync: Creating test run request.
TpTrace Verbose: 0 : 15712, 1, 2023/11/09, 11:00:40.473, 1785155469394, vstest.console.dll, TestRunRequest.ExecuteAsync: Starting.
TpTrace Information: 0 : 15712, 1, 2023/11/09, 11:00:40.473, 1785155471220, vstest.console.dll, TestRunRequest.ExecuteAsync: Starting run with settings:TestRunCriteria:
   KeepAlive=False,FrequencyOfRunStatsChangeEvent=10,RunStatsChangeEventTimeout=00:00:01.5000000,TestCaseFilter=,TestExecutorLauncher=
   Settingsxml=<RunSettings>
  <RunConfiguration>
    <ResultsDirectory>C:\Dev\.Net Assigments\Assignment5Test\bin\Debug\net6.0\fine-code-coverage\coverage-tool-output</ResultsDirectory>
    <TargetPlatform>X64</TargetPlatform>
    <TargetFrameworkVersion>.NETCoreApp,Version=v6.0</TargetFrameworkVersion>
    <DesignMode>False</DesignMode>
    <CollectSourceInformation>False</CollectSourceInformation>
  </RunConfiguration>
  <LoggerRunSettings>
    <Loggers>
      <Logger friendlyName="blame" enabled="True" />
      <Logger friendlyName="Console" uri="logger://microsoft/TestPlatform/ConsoleLogger/v1" assemblyQualifiedName="Microsoft.VisualStudio.TestPlatform.CommandLine.Internal.ConsoleLogger, vstest.console, Version=15.0.0.0, Culture=neutral, PublicKeyToken=b03f5f7f11d50a3a" codeBase="C:\Program Files\dotnet\sdk\7.0.403\vstest.console.dll" enabled="True" />
    </Loggers>
  </LoggerRunSettings>
  <DataCollectionRunSettings>
    <DataCollectors>
      <DataCollector friendlyName="blame" enabled="True">
        <Configuration>
          <ResultsDirectory>C:\Dev\.Net Assigments\Assignment5Test\bin\Debug\net6.0\fine-code-coverage\coverage-tool-output</ResultsDirectory>
        </Configuration>
      </DataCollector>
    </DataCollectors>
  </DataCollectionRunSettings>
</RunSettings>

TpTrace Verbose: 0 : 15712, 1, 2023/11/09, 11:00:40.473, 1785155471603, vstest.console.dll, TestRunRequest.ExecuteAsync: Wait for the first run request is over.
TpTrace Verbose: 0 : 15712, 1, 2023/11/09, 11:00:40.473, 1785155473426, vstest.console.dll, MulticastDelegateUtilities.SafeInvoke: TestRun.TestRunStart: Invoking callbacks was skipped because there are no subscribers.
TpTrace Verbose: 0 : 15712, 4, 2023/11/09, 11:00:40.473, 1785155475207, vstest.console.dll, MulticastDelegateUtilities.SafeInvoke: InternalTestLoggerEvents.SendTestRunStart: Invoking callback 1/1 for Microsoft.VisualStudio.TestPlatform.CommandLine.Internal.ConsoleLogger., took 0 ms.
TpTrace Verbose: 0 : 15712, 1, 2023/11/09, 11:00:40.474, 1785155482136, vstest.console.dll, ParallelProxyExecutionManager: Start execution. Total sources: 1
TpTrace Verbose: 0 : 15712, 1, 2023/11/09, 11:00:40.474, 1785155484709, vstest.console.dll, ParallelOperationManager.StartWork: Starting adding 1 workloads.
TpTrace Verbose: 0 : 15712, 1, 2023/11/09, 11:00:40.474, 1785155485452, vstest.console.dll, ParallelOperationManager.ClearSlots: Clearing all slots. Slots should accept more work: True
TpTrace Verbose: 0 : 15712, 1, 2023/11/09, 11:00:40.474, 1785155485970, vstest.console.dll, ParallelOperationManager.SetOccupiedSlotCount: Setting slot counts AvailableSlotCount = 1, OccupiedSlotCount = 0.
TpTrace Verbose: 0 : 15712, 1, 2023/11/09, 11:00:40.474, 1785155486229, vstest.console.dll, Occupied slots:

TpTrace Verbose: 0 : 15712, 1, 2023/11/09, 11:00:40.475, 1785155496346, vstest.console.dll, TestRequestSender is acting as server.
TpTrace Verbose: 0 : 15712, 1, 2023/11/09, 11:00:40.476, 1785155504995, vstest.console.dll, ParallelOperationManager.RunWorkInParallel: Adding 1 workload to slot, remaining workloads 0.
TpTrace Verbose: 0 : 15712, 1, 2023/11/09, 11:00:40.476, 1785155505421, vstest.console.dll, ParallelOperationManager.SetOccupiedSlotCount: Setting slot counts AvailableSlotCount = 0, OccupiedSlotCount = 1.
TpTrace Verbose: 0 : 15712, 1, 2023/11/09, 11:00:40.476, 1785155506145, vstest.console.dll, Occupied slots:
0: C:\Dev\.Net Assigments\Assignment5Test\bin\Debug\net6.0\fine-code-coverage\build-output\Assignment5Test.dll
TpTrace Verbose: 0 : 15712, 1, 2023/11/09, 11:00:40.477, 1785155514806, vstest.console.dll, ParallelOperationManager.RunWorkInParallel: Started host in slot number 0 for work (source): C:\Dev\.Net Assigments\Assignment5Test\bin\Debug\net6.0\fine-code-coverage\build-output\Assignment5Test.dll.
TpTrace Verbose: 0 : 15712, 1, 2023/11/09, 11:00:40.478, 1785155522066, vstest.console.dll, ParallelOperationManager.RunWorkInParallel: We started 1 work items, which is the max parallel level. Won't start more work.
TpTrace Verbose: 0 : 15712, 1, 2023/11/09, 11:00:40.478, 1785155522401, vstest.console.dll, ParallelOperationManager.RunWorkInParallel: We started 1 work items in here, returning True.
TpTrace Information: 0 : 15712, 1, 2023/11/09, 11:00:40.478, 1785155522628, vstest.console.dll, TestRunRequest.ExecuteAsync: Started.
TpTrace Verbose: 0 : 15712, 1, 2023/11/09, 11:00:40.478, 1785155523136, vstest.console.dll, TestRunRequest.WaitForCompletion: Waiting with timeout -1.
TpTrace Verbose: 0 : 15712, 5, 2023/11/09, 11:00:40.478, 1785155523749, vstest.console.dll, ParallelProxyExecutionManager.StartTestRunOnConcurrentManager: Initializing uninitialized client. Started clients: 0
TpTrace Verbose: 0 : 15712, 5, 2023/11/09, 11:00:40.478, 1785155524948, vstest.console.dll, DataCollectionRequestSender.InitializeCommunication : Initialize communication. 
TpTrace Information: 0 : 15712, 5, 2023/11/09, 11:00:40.481, 1785155553035, vstest.console.dll, Listening on Endpoint : 127.0.0.1:62195
TpTrace Verbose: 0 : 15712, 5, 2023/11/09, 11:00:40.486, 1785155606361, vstest.console.dll, DotnetDataCollectionLauncher: Adding  --runtimeconfig "C:\Program Files\dotnet\sdk\7.0.403\datacollector.runtimeconfig.json" in args
TpTrace Verbose: 0 : 15712, 5, 2023/11/09, 11:00:40.487, 1785155607206, vstest.console.dll, DotnetDataCollectionLauncher: Adding  --depsfile "C:\Program Files\dotnet\sdk\7.0.403\datacollector.deps.json" in args
TpTrace Verbose: 0 : 15712, 5, 2023/11/09, 11:00:40.487, 1785155608333, vstest.console.dll, DotnetDataCollectionLauncher: Full path of dotnet.exe is C:\Program Files\dotnet\dotnet.exe
TpTrace Information: 0 : 15712, 5, 2023/11/09, 11:00:40.491, 1785155651598, vstest.console.dll, ProxyDataCollectionManager.Initialize: Launched datacollector processId: 18000 port: 62195
TpTrace Information: 0 : 15712, 5, 2023/11/09, 11:00:40.491, 1785155652795, vstest.console.dll, ProxyDataCollectionManager.Initialize: waiting for connection with timeout: 90 seconds
TpTrace Verbose: 0 : 15712, 5, 2023/11/09, 11:00:40.491, 1785155653238, vstest.console.dll, DataCollectionRequestSender.WaitForRequestHandlerConnection : Waiting for connection with timeout: 90000
TpTrace Information: 0 : 15712, 7, 2023/11/09, 11:00:40.596, 1785156706199, vstest.console.dll, Using the buffer size of 16384 bytes
TpTrace Information: 0 : 15712, 7, 2023/11/09, 11:00:40.597, 1785156707083, vstest.console.dll, Accepted Client request and set the flag
TpTrace Verbose: 0 : 15712, 5, 2023/11/09, 11:00:40.597, 1785156706660, vstest.console.dll, SocketCommunicationManager.WaitForClientConnection took: 105 ms, with 90000 ms timeout, and finished with True.
TpTrace Verbose: 0 : 15712, 5, 2023/11/09, 11:00:40.597, 1785156708372, vstest.console.dll, ProxyDataCollectionManager.InvokeDataCollectionServiceAction: Starting.
TpTrace Information: 0 : 15712, 5, 2023/11/09, 11:00:40.597, 1785156709018, vstest.console.dll, ProxyDataCollectionManager.BeforeTestRunStart: Get environment variable and port for datacollector processId: 18000 port: 62195
TpTrace Verbose: 0 : 15712, 5, 2023/11/09, 11:00:40.597, 1785156709737, vstest.console.dll, DataCollectionRequestSender.SendBeforeTestRunStartAndGetResult: Send BeforeTestRunStart message with settingsXml <RunSettings><RunConfiguration><ResultsDirectory>C:\Dev\.Net Assigments\Assignment5Test\bin\Debug\net6.0\fine-code-coverage\coverage-tool-output</ResultsDirectory><TargetPlatform>X64</TargetPlatform><TargetFrameworkVersion>.NETCoreApp,Version=v6.0</TargetFrameworkVersion><DesignMode>False</DesignMode><CollectSourceInformation>False</CollectSourceInformation><TestAdaptersPaths>C:\Program Files\dotnet\sdk\7.0.403\Extensions</TestAdaptersPaths></RunConfiguration><LoggerRunSettings><Loggers><Logger friendlyName="blame" enabled="True" /><Logger friendlyName="Console" uri="logger://microsoft/TestPlatform/ConsoleLogger/v1" assemblyQualifiedName="Microsoft.VisualStudio.TestPlatform.CommandLine.Internal.ConsoleLogger, vstest.console, Version=15.0.0.0, Culture=neutral, PublicKeyToken=b03f5f7f11d50a3a" codeBase="C:\Program Files\dotnet\sdk\7.0.403\vstest.console.dll" enabled="True" /></Loggers></LoggerRunSettings><DataCollectionRunSettings><DataCollectors><DataCollector friendlyName="blame" enabled="True"><Configuration><ResultsDirectory>C:\Dev\.Net Assigments\Assignment5Test\bin\Debug\net6.0\fine-code-coverage\coverage-tool-output</ResultsDirectory></Configuration></DataCollector></DataCollectors></DataCollectionRunSettings></RunSettings> and sources System.Collections.Generic.List`1[System.String]: 
TpTrace Verbose: 0 : 15712, 5, 2023/11/09, 11:00:40.659, 1785157332115, vstest.console.dll, DataCollectionRequestSender.SendBeforeTestRunStartAndGetResult: Received message: (DataCollection.SendMessage) -> {"MessageType":"DataCollection.SendMessage","Payload":{"FriendlyName":null,"Uri":null,"TestCaseId":"00000000-0000-0000-0000-000000000000","Message":"Logging DataCollector Diagnostics in file: C:\\Dev\\.Net Assigments\\Assignment5Test\\bin\\Debug\\net6.0\\fine-code-coverage\\coverage-tool-output\\diagnostics.datacollector.23-11-09_11-00-40_48682_5.log","Level":0}}
TpTrace Verbose: 0 : 15712, 5, 2023/11/09, 11:00:40.737, 1785158115943, vstest.console.dll, DataCollectionRequestSender.SendBeforeTestRunStartAndGetResult: Received message: (DataCollection.BeforeTestRunStartResult) -> {"MessageType":"DataCollection.BeforeTestRunStartResult","Payload":{"EnvironmentVariables":{},"DataCollectionEventsPort":62197}}
TpTrace Information: 0 : 15712, 5, 2023/11/09, 11:00:40.741, 1785158156155, vstest.console.dll, ProxyDataCollectionManager.BeforeTestRunStart: SendBeforeTestRunStartAndGetResult successful, env variable from datacollector:   and testhost port: 62197
TpTrace Information: 0 : 15712, 5, 2023/11/09, 11:00:40.742, 1785158156753, vstest.console.dll, ProxyDataCollectionManager.InvokeDataCollectionServiceAction: Completed.
TpTrace Verbose: 0 : 15712, 5, 2023/11/09, 11:00:40.742, 1785158157036, vstest.console.dll, ParallelProxyExecutionManager.StartTestRunOnConcurrentManager: Initializing test run. Started clients: 0
TpTrace Verbose: 0 : 15712, 5, 2023/11/09, 11:00:40.742, 1785158157681, vstest.console.dll, ProxyExecutionManager: Test host is always Lazy initialize.
TpTrace Verbose: 0 : 15712, 5, 2023/11/09, 11:00:40.742, 1785158159889, vstest.console.dll, TestRequestSender.InitializeCommunication: initialize communication. 
TpTrace Information: 0 : 15712, 5, 2023/11/09, 11:00:40.742, 1785158164617, vstest.console.dll, SocketServer.Start: Listening on endpoint : 127.0.0.1:62198
TpTrace Verbose: 0 : 15712, 5, 2023/11/09, 11:00:40.743, 1785158172205, vstest.console.dll, DotnetTestHostmanager.GetTestHostProcessStartInfo: Platform environment 'X64' target architecture 'X64' framework '.NETCoreApp,Version=v6.0' OS 'Windows'
TpTrace Verbose: 0 : 15712, 5, 2023/11/09, 11:00:40.743, 1785158174177, vstest.console.dll, DotnetTestHostmanager: Adding  --runtimeconfig "C:\Dev\.Net Assigments\Assignment5Test\bin\Debug\net6.0\fine-code-coverage\build-output\Assignment5Test.runtimeconfig.json" in args
TpTrace Verbose: 0 : 15712, 5, 2023/11/09, 11:00:40.743, 1785158174880, vstest.console.dll, DotnetTestHostmanager: Adding  --depsfile "C:\Dev\.Net Assigments\Assignment5Test\bin\Debug\net6.0\fine-code-coverage\build-output\Assignment5Test.deps.json" in args
TpTrace Verbose: 0 : 15712, 5, 2023/11/09, 11:00:40.744, 1785158177182, vstest.console.dll, DotnetTestHostmanager.IsWinOnArm: Current PROCESSOR_ARCHITECTURE from environment variable 'AMD64'
TpTrace Verbose: 0 : 15712, 5, 2023/11/09, 11:00:40.744, 1785158177685, vstest.console.dll, DotnetTestHostmanager.IsWinOnArm: Is Windows on ARM 'False'
TpTrace Verbose: 0 : 15712, 5, 2023/11/09, 11:00:40.744, 1785158178385, vstest.console.dll, DotnetTestHostManager: testhost.exe found at path: C:\Dev\.Net Assigments\Assignment5Test\bin\Debug\net6.0\fine-code-coverage\build-output\testhost.exe
TpTrace Verbose: 0 : 15712, 5, 2023/11/09, 11:00:40.744, 1785158178708, vstest.console.dll, DotnetTestHostmanager: Full path of host exe is C:\Dev\.Net Assigments\Assignment5Test\bin\Debug\net6.0\fine-code-coverage\build-output\testhost.exe
TpTrace Verbose: 0 : 15712, 5, 2023/11/09, 11:00:40.744, 1785158179966, vstest.console.dll, DotnetTestHostmanager.LaunchTestHostAsync: Found 'VSTEST_WINAPPHOST_DOTNET_ROOT' in env variables, value 'C:\Program Files\dotnet', forwarding to 'DOTNET_ROOT'
TpTrace Verbose: 0 : 15712, 5, 2023/11/09, 11:00:40.744, 1785158181491, vstest.console.dll, DotnetTestHostManager: Starting process 'C:\Dev\.Net Assigments\Assignment5Test\bin\Debug\net6.0\fine-code-coverage\build-output\testhost.exe' with command line ' --runtimeconfig "C:\Dev\.Net Assigments\Assignment5Test\bin\Debug\net6.0\fine-code-coverage\build-output\Assignment5Test.runtimeconfig.json" --depsfile "C:\Dev\.Net Assigments\Assignment5Test\bin\Debug\net6.0\fine-code-coverage\build-output\Assignment5Test.deps.json" --port 62198 --endpoint 127.0.0.1:062198 --role client --parentprocessid 15712 --diag "C:\Dev\.Net Assigments\Assignment5Test\bin\Debug\net6.0\fine-code-coverage\coverage-tool-output\diagnostics.host.23-11-09_11-00-40_74315_5.log" --tracelevel 4 --datacollectionport 62197 --telemetryoptedin false'
TpTrace Verbose: 0 : 15712, 5, 2023/11/09, 11:00:40.749, 1785158233577, vstest.console.dll, MulticastDelegateUtilities.SafeInvoke: HostProviderEvents.OnHostLaunched: Invoking callback 1/2 for Microsoft.VisualStudio.TestPlatform.CrossPlatEngine.Client.ProxyExecutionManagerWithDataCollection., took 1 ms.
TpTrace Verbose: 0 : 15712, 5, 2023/11/09, 11:00:40.749, 1785158236041, vstest.console.dll, Test Runtime launched
TpTrace Verbose: 0 : 15712, 5, 2023/11/09, 11:00:40.750, 1785158236575, vstest.console.dll, MulticastDelegateUtilities.SafeInvoke: HostProviderEvents.OnHostLaunched: Invoking callback 2/2 for Microsoft.VisualStudio.TestPlatform.CrossPlatEngine.Client.ProxyOperationManager., took 0 ms.
TpTrace Verbose: 0 : 15712, 5, 2023/11/09, 11:00:40.750, 1785158237749, vstest.console.dll, TestRequestSender.WaitForRequestHandlerConnection: waiting for connection with timeout: 90000.
TpTrace Verbose: 0 : 15712, 7, 2023/11/09, 11:00:40.866, 1785159398953, vstest.console.dll, MulticastDelegateUtilities.SafeInvoke: SocketServer: ClientConnected: Invoking callback 1/1 for Microsoft.VisualStudio.TestPlatform.CommunicationUtilities.TestRequestSender., took 0 ms.
TpTrace Verbose: 0 : 15712, 5, 2023/11/09, 11:00:40.866, 1785159398953, vstest.console.dll, TestRequestSender.WaitForRequestHandlerConnection: waiting took 116 ms, with timeout 90000 ms, and result 0, which is success.
TpTrace Verbose: 0 : 15712, 7, 2023/11/09, 11:00:40.866, 1785159399923, vstest.console.dll, SocketServer.OnClientConnected: Client connected for endPoint: 127.0.0.1:62198, starting MessageLoopAsync:
TpTrace Verbose: 0 : 15712, 13, 2023/11/09, 11:00:40.866, 1785159403052, vstest.console.dll, TcpClientExtensions.MessageLoopAsync: Polling on remoteEndPoint: 127.0.0.1:62199 localEndPoint: 127.0.0.1:62198
TpTrace Verbose: 0 : 15712, 5, 2023/11/09, 11:00:40.867, 1785159406587, vstest.console.dll, TestRequestSender.CheckVersionWithTestHost: Sending check version message: {"MessageType":"ProtocolVersion","Payload":7}
TpTrace Verbose: 0 : 15712, 13, 2023/11/09, 11:00:40.982, 1785160560734, vstest.console.dll, TcpClientExtensions.MessageLoopAsync: NotifyDataAvailable remoteEndPoint: 127.0.0.1:62199 localEndPoint: 127.0.0.1:62198
TpTrace Verbose: 0 : 15712, 13, 2023/11/09, 11:00:40.982, 1785160562544, vstest.console.dll, TestRequestSender.CheckVersionWithTestHost: onMessageReceived received message: (ProtocolVersion) -> {"MessageType":"ProtocolVersion","Payload":7}
TpTrace Verbose: 0 : 15712, 13, 2023/11/09, 11:00:40.983, 1785160568144, vstest.console.dll, MulticastDelegateUtilities.SafeInvoke: LengthPrefixCommunicationChannel: MessageReceived: Invoking callback 1/1 for Microsoft.VisualStudio.TestPlatform.CommunicationUtilities.TestRequestSender+<>c__DisplayClass29_0., took 0 ms.
TpTrace Verbose: 0 : 15712, 13, 2023/11/09, 11:00:40.983, 1785160568828, vstest.console.dll, TcpClientExtensions.MessageLoopAsync: Polling on remoteEndPoint: 127.0.0.1:62199 localEndPoint: 127.0.0.1:62198
TpTrace Verbose: 0 : 15712, 5, 2023/11/09, 11:00:40.983, 1785160568893, vstest.console.dll, TestPluginCache.GetExtensionPaths: Filtered extension paths: 
TpTrace Verbose: 0 : 15712, 5, 2023/11/09, 11:00:40.983, 1785160569459, vstest.console.dll, TestPluginCache.GetExtensionPaths: Added default extension paths: C:\Program Files\dotnet\sdk\7.0.403\Extensions\Microsoft.Diagnostics.NETCore.Client.dll
C:\Program Files\dotnet\sdk\7.0.403\Extensions\Microsoft.TestPlatform.Extensions.BlameDataCollector.dll
C:\Program Files\dotnet\sdk\7.0.403\Extensions\Microsoft.TestPlatform.Extensions.EventLogCollector.dll
C:\Program Files\dotnet\sdk\7.0.403\Extensions\Microsoft.TestPlatform.TestHostRuntimeProvider.dll
C:\Program Files\dotnet\sdk\7.0.403\Extensions\Microsoft.VisualStudio.TestPlatform.Extensions.Html.TestLogger.dll
C:\Program Files\dotnet\sdk\7.0.403\Extensions\Microsoft.VisualStudio.TestPlatform.Extensions.Trx.TestLogger.dll
TpTrace Verbose: 0 : 15712, 5, 2023/11/09, 11:00:40.983, 1785160569687, vstest.console.dll, TestPluginCache.GetExtensionPaths: Added unfilterableExtensionPaths: 
TpTrace Verbose: 0 : 15712, 5, 2023/11/09, 11:00:40.985, 1785160592973, vstest.console.dll, TestRequestSender.InitializeExecution: Sending initialize execution with message: {"Version":7,"MessageType":"TestExecution.Initialize","Payload":["C:\\Dev\\.Net Assigments\\Assignment5Test\\bin\\Debug\\net6.0\\fine-code-coverage\\build-output\\xunit.runner.visualstudio.dotnetcore.testadapter.dll"]}
TpTrace Verbose: 0 : 15712, 5, 2023/11/09, 11:00:40.985, 1785160594708, vstest.console.dll, ParallelProxyExecutionManager.StartTestRunOnConcurrentManager: Execution starting. Started clients: 1
TpTrace Verbose: 0 : 15712, 5, 2023/11/09, 11:00:40.986, 1785160596855, vstest.console.dll, TestRunRequest:SendTestRunMessage: Starting.
TpTrace Verbose: 0 : 15712, 5, 2023/11/09, 11:00:40.986, 1785160597964, vstest.console.dll, MulticastDelegateUtilities.SafeInvoke: TestRun.LogMessages: Invoking callback 1/1 for Microsoft.VisualStudio.TestPlatform.CommandLine.TestRunResultAggregator., took 0 ms.
TpTrace Information: 0 : 15712, 5, 2023/11/09, 11:00:40.986, 1785160598228, vstest.console.dll, TestRunRequest:SendTestRunMessage: Completed.
TpTrace Verbose: 0 : 15712, 4, 2023/11/09, 11:00:40.986, 1785160599836, vstest.console.dll, MulticastDelegateUtilities.SafeInvoke: InternalTestLoggerEvents.SendTestRunMessage: Invoking callback 1/1 for Microsoft.VisualStudio.TestPlatform.CommandLine.Internal.ConsoleLogger., took 0 ms.
TpTrace Warning: 0 : 15712, 5, 2023/11/09, 11:00:40.986, 1785160601124, vstest.console.dll, InferRunSettingsHelper.MakeRunsettingsCompatible: Removing the following settings: TargetPlatform from RunSettings file. To use those settings please move to latest version of Microsoft.NET.Test.Sdk
TpTrace Verbose: 0 : 15712, 13, 2023/11/09, 11:00:40.986, 1785160603037, vstest.console.dll, TcpClientExtensions.MessageLoopAsync: NotifyDataAvailable remoteEndPoint: 127.0.0.1:62199 localEndPoint: 127.0.0.1:62198
TpTrace Verbose: 0 : 15712, 13, 2023/11/09, 11:00:40.986, 1785160603716, vstest.console.dll, LengthPrefixCommunicationChannel.NotifyDataAvailable: New data are waiting to be received, but there is no subscriber to be notified. Not reading them from the stream.
TpTrace Verbose: 0 : 15712, 13, 2023/11/09, 11:00:40.986, 1785160603987, vstest.console.dll, TcpClientExtensions.MessageLoopAsync: Polling on remoteEndPoint: 127.0.0.1:62199 localEndPoint: 127.0.0.1:62198
TpTrace Verbose: 0 : 15712, 13, 2023/11/09, 11:00:40.986, 1785160604427, vstest.console.dll, TcpClientExtensions.MessageLoopAsync: NotifyDataAvailable remoteEndPoint: 127.0.0.1:62199 localEndPoint: 127.0.0.1:62198
TpTrace Verbose: 0 : 15712, 13, 2023/11/09, 11:00:40.986, 1785160606047, vstest.console.dll, TestRequestSender.OnExecutionMessageReceived: Received message: {"Version":7,"MessageType":"TestSession.Message","Payload":{"MessageLevel":0,"Message":"Logging TestHost Diagnostics in file: C:\\Dev\\.Net Assigments\\Assignment5Test\\bin\\Debug\\net6.0\\fine-code-coverage\\coverage-tool-output\\diagnostics.host.23-11-09_11-00-40_74315_5.log"}}
TpTrace Verbose: 0 : 15712, 13, 2023/11/09, 11:00:40.992, 1785160656927, vstest.console.dll, TestRunRequest:SendTestRunMessage: Starting.
TpTrace Verbose: 0 : 15712, 13, 2023/11/09, 11:00:40.992, 1785160658356, vstest.console.dll, MulticastDelegateUtilities.SafeInvoke: TestRun.LogMessages: Invoking callback 1/1 for Microsoft.VisualStudio.TestPlatform.CommandLine.TestRunResultAggregator., took 0 ms.
TpTrace Verbose: 0 : 15712, 4, 2023/11/09, 11:00:40.992, 1785160658506, vstest.console.dll, MulticastDelegateUtilities.SafeInvoke: InternalTestLoggerEvents.SendTestRunMessage: Invoking callback 1/1 for Microsoft.VisualStudio.TestPlatform.CommandLine.Internal.ConsoleLogger., took 0 ms.
TpTrace Information: 0 : 15712, 13, 2023/11/09, 11:00:40.992, 1785160658651, vstest.console.dll, TestRunRequest:SendTestRunMessage: Completed.
TpTrace Verbose: 0 : 15712, 13, 2023/11/09, 11:00:40.992, 1785160659458, vstest.console.dll, MulticastDelegateUtilities.SafeInvoke: LengthPrefixCommunicationChannel: MessageReceived: Invoking callback 1/1 for Microsoft.VisualStudio.TestPlatform.CommunicationUtilities.TestRequestSender+<>c__DisplayClass34_0., took 5 ms.
TpTrace Verbose: 0 : 15712, 13, 2023/11/09, 11:00:40.992, 1785160661362, vstest.console.dll, TcpClientExtensions.MessageLoopAsync: Polling on remoteEndPoint: 127.0.0.1:62199 localEndPoint: 127.0.0.1:62198
TpTrace Verbose: 0 : 15712, 5, 2023/11/09, 11:00:40.996, 1785160696872, vstest.console.dll, TestRequestSender.StartTestRun: Sending test run with message: {"Version":7,"MessageType":"TestExecution.StartWithSources","Payload":{"AdapterSourceMap":{"_none_":["C:\\Dev\\.Net Assigments\\Assignment5Test\\bin\\Debug\\net6.0\\fine-code-coverage\\build-output\\Assignment5Test.dll"]},"RunSettings":"<RunSettings>\r\n  <RunConfiguration>\r\n    <ResultsDirectory>C:\\Dev\\.Net Assigments\\Assignment5Test\\bin\\Debug\\net6.0\\fine-code-coverage\\coverage-tool-output</ResultsDirectory>\r\n    <TargetFrameworkVersion>.NETCoreApp,Version=v6.0</TargetFrameworkVersion>\r\n    <DesignMode>False</DesignMode>\r\n    <CollectSourceInformation>False</CollectSourceInformation>\r\n  </RunConfiguration>\r\n  <LoggerRunSettings>\r\n    <Loggers>\r\n      <Logger friendlyName=\"blame\" enabled=\"True\" />\r\n      <Logger friendlyName=\"Console\" uri=\"logger://microsoft/TestPlatform/ConsoleLogger/v1\" assemblyQualifiedName=\"Microsoft.VisualStudio.TestPlatform.CommandLine.Internal.ConsoleLogger, vstest.console, Version=15.0.0.0, Culture=neutral, PublicKeyToken=b03f5f7f11d50a3a\" codeBase=\"C:\\Program Files\\dotnet\\sdk\\7.0.403\\vstest.console.dll\" enabled=\"True\" />\r\n    </Loggers>\r\n  </LoggerRunSettings>\r\n  <DataCollectionRunSettings>\r\n    <DataCollectors>\r\n      <DataCollector friendlyName=\"blame\" enabled=\"True\">\r\n        <Configuration>\r\n          <ResultsDirectory>C:\\Dev\\.Net Assigments\\Assignment5Test\\bin\\Debug\\net6.0\\fine-code-coverage\\coverage-tool-output</ResultsDirectory>\r\n        </Configuration>\r\n      </DataCollector>\r\n    </DataCollectors>\r\n  </DataCollectionRunSettings>\r\n</RunSettings>","TestExecutionContext":{"FrequencyOfRunStatsChangeEvent":10,"RunStatsChangeEventTimeout":"00:00:01.5000000","InIsolation":false,"KeepAlive":false,"AreTestCaseLevelEventsRequired":false,"IsDebug":false,"TestCaseFilter":null,"FilterOptions":null},"Package":null}}
TpTrace Verbose: 0 : 15712, 5, 2023/11/09, 11:00:40.996, 1785160698262, vstest.console.dll, ParallelProxyExecutionManager.StartTestRunOnConcurrentManager: Execution started. Started clients: 1
TpTrace Verbose: 0 : 15712, 13, 2023/11/09, 11:00:41.123, 1785161972118, vstest.console.dll, TcpClientExtensions.MessageLoopAsync: NotifyDataAvailable remoteEndPoint: 127.0.0.1:62199 localEndPoint: 127.0.0.1:62198
TpTrace Verbose: 0 : 15712, 13, 2023/11/09, 11:00:41.123, 1785161973693, vstest.console.dll, TestRequestSender.OnExecutionMessageReceived: Received message: {"Version":7,"MessageType":"TestSession.Message","Payload":{"MessageLevel":0,"Message":"[xUnit.net 00:00:00.00] xUnit.net VSTest Adapter v2.4.5+1caef2f33e (64-bit .NET 6.0.24)"}}
TpTrace Verbose: 0 : 15712, 13, 2023/11/09, 11:00:41.123, 1785161975608, vstest.console.dll, TestRunRequest:SendTestRunMessage: Starting.
TpTrace Verbose: 0 : 15712, 13, 2023/11/09, 11:00:41.123, 1785161976129, vstest.console.dll, MulticastDelegateUtilities.SafeInvoke: TestRun.LogMessages: Invoking callback 1/1 for Microsoft.VisualStudio.TestPlatform.CommandLine.TestRunResultAggregator., took 0 ms.
TpTrace Information: 0 : 15712, 13, 2023/11/09, 11:00:41.123, 1785161976415, vstest.console.dll, TestRunRequest:SendTestRunMessage: Completed.
TpTrace Verbose: 0 : 15712, 4, 2023/11/09, 11:00:41.124, 1785161976631, vstest.console.dll, MulticastDelegateUtilities.SafeInvoke: InternalTestLoggerEvents.SendTestRunMessage: Invoking callback 1/1 for Microsoft.VisualStudio.TestPlatform.CommandLine.Internal.ConsoleLogger., took 0 ms.
TpTrace Verbose: 0 : 15712, 13, 2023/11/09, 11:00:41.124, 1785161976675, vstest.console.dll, MulticastDelegateUtilities.SafeInvoke: LengthPrefixCommunicationChannel: MessageReceived: Invoking callback 1/1 for Microsoft.VisualStudio.TestPlatform.CommunicationUtilities.TestRequestSender+<>c__DisplayClass34_0., took 0 ms.
TpTrace Verbose: 0 : 15712, 13, 2023/11/09, 11:00:41.124, 1785161978293, vstest.console.dll, TcpClientExtensions.MessageLoopAsync: Polling on remoteEndPoint: 127.0.0.1:62199 localEndPoint: 127.0.0.1:62198
TpTrace Verbose: 0 : 15712, 13, 2023/11/09, 11:00:41.435, 1785165089772, vstest.console.dll, TcpClientExtensions.MessageLoopAsync: NotifyDataAvailable remoteEndPoint: 127.0.0.1:62199 localEndPoint: 127.0.0.1:62198
TpTrace Verbose: 0 : 15712, 13, 2023/11/09, 11:00:41.435, 1785165091403, vstest.console.dll, TestRequestSender.OnExecutionMessageReceived: Received message: {"Version":7,"MessageType":"TestSession.Message","Payload":{"MessageLevel":0,"Message":"[xUnit.net 00:00:00.31]   Discovering: Assignment5Test"}}
TpTrace Verbose: 0 : 15712, 13, 2023/11/09, 11:00:41.435, 1785165092499, vstest.console.dll, TestRunRequest:SendTestRunMessage: Starting.
TpTrace Verbose: 0 : 15712, 13, 2023/11/09, 11:00:41.435, 1785165092967, vstest.console.dll, MulticastDelegateUtilities.SafeInvoke: TestRun.LogMessages: Invoking callback 1/1 for Microsoft.VisualStudio.TestPlatform.CommandLine.TestRunResultAggregator., took 0 ms.
TpTrace Verbose: 0 : 15712, 4, 2023/11/09, 11:00:41.435, 1785165093138, vstest.console.dll, MulticastDelegateUtilities.SafeInvoke: InternalTestLoggerEvents.SendTestRunMessage: Invoking callback 1/1 for Microsoft.VisualStudio.TestPlatform.CommandLine.Internal.ConsoleLogger., took 0 ms.
TpTrace Information: 0 : 15712, 13, 2023/11/09, 11:00:41.435, 1785165093196, vstest.console.dll, TestRunRequest:SendTestRunMessage: Completed.
TpTrace Verbose: 0 : 15712, 13, 2023/11/09, 11:00:41.435, 1785165094351, vstest.console.dll, MulticastDelegateUtilities.SafeInvoke: LengthPrefixCommunicationChannel: MessageReceived: Invoking callback 1/1 for Microsoft.VisualStudio.TestPlatform.CommunicationUtilities.TestRequestSender+<>c__DisplayClass34_0., took 0 ms.
TpTrace Verbose: 0 : 15712, 13, 2023/11/09, 11:00:41.435, 1785165094696, vstest.console.dll, TcpClientExtensions.MessageLoopAsync: Polling on remoteEndPoint: 127.0.0.1:62199 localEndPoint: 127.0.0.1:62198
TpTrace Verbose: 0 : 15712, 13, 2023/11/09, 11:00:41.462, 1785165365910, vstest.console.dll, TcpClientExtensions.MessageLoopAsync: NotifyDataAvailable remoteEndPoint: 127.0.0.1:62199 localEndPoint: 127.0.0.1:62198
TpTrace Verbose: 0 : 15712, 13, 2023/11/09, 11:00:41.463, 1785165367606, vstest.console.dll, TestRequestSender.OnExecutionMessageReceived: Received message: {"Version":7,"MessageType":"TestSession.Message","Payload":{"MessageLevel":0,"Message":"[xUnit.net 00:00:00.34]   Discovered:  Assignment5Test"}}
TpTrace Verbose: 0 : 15712, 13, 2023/11/09, 11:00:41.463, 1785165368673, vstest.console.dll, TestRunRequest:SendTestRunMessage: Starting.
TpTrace Verbose: 0 : 15712, 13, 2023/11/09, 11:00:41.463, 1785165369169, vstest.console.dll, MulticastDelegateUtilities.SafeInvoke: TestRun.LogMessages: Invoking callback 1/1 for Microsoft.VisualStudio.TestPlatform.CommandLine.TestRunResultAggregator., took 0 ms.
TpTrace Information: 0 : 15712, 13, 2023/11/09, 11:00:41.463, 1785165369384, vstest.console.dll, TestRunRequest:SendTestRunMessage: Completed.
TpTrace Verbose: 0 : 15712, 4, 2023/11/09, 11:00:41.463, 1785165369417, vstest.console.dll, MulticastDelegateUtilities.SafeInvoke: InternalTestLoggerEvents.SendTestRunMessage: Invoking callback 1/1 for Microsoft.VisualStudio.TestPlatform.CommandLine.Internal.ConsoleLogger., took 0 ms.
TpTrace Verbose: 0 : 15712, 13, 2023/11/09, 11:00:41.463, 1785165369571, vstest.console.dll, MulticastDelegateUtilities.SafeInvoke: LengthPrefixCommunicationChannel: MessageReceived: Invoking callback 1/1 for Microsoft.VisualStudio.TestPlatform.CommunicationUtilities.TestRequestSender+<>c__DisplayClass34_0., took 0 ms.
TpTrace Verbose: 0 : 15712, 13, 2023/11/09, 11:00:41.463, 1785165370841, vstest.console.dll, TcpClientExtensions.MessageLoopAsync: Polling on remoteEndPoint: 127.0.0.1:62199 localEndPoint: 127.0.0.1:62198
TpTrace Verbose: 0 : 15712, 13, 2023/11/09, 11:00:41.464, 1785165385766, vstest.console.dll, TcpClientExtensions.MessageLoopAsync: NotifyDataAvailable remoteEndPoint: 127.0.0.1:62199 localEndPoint: 127.0.0.1:62198
TpTrace Verbose: 0 : 15712, 13, 2023/11/09, 11:00:41.465, 1785165386614, vstest.console.dll, TestRequestSender.OnExecutionMessageReceived: Received message: {"Version":7,"MessageType":"TestSession.Message","Payload":{"MessageLevel":0,"Message":"[xUnit.net 00:00:00.34]   Starting:    Assignment5Test"}}
TpTrace Verbose: 0 : 15712, 13, 2023/11/09, 11:00:41.465, 1785165387430, vstest.console.dll, TestRunRequest:SendTestRunMessage: Starting.
TpTrace Verbose: 0 : 15712, 13, 2023/11/09, 11:00:41.465, 1785165387809, vstest.console.dll, MulticastDelegateUtilities.SafeInvoke: TestRun.LogMessages: Invoking callback 1/1 for Microsoft.VisualStudio.TestPlatform.CommandLine.TestRunResultAggregator., took 0 ms.
TpTrace Information: 0 : 15712, 13, 2023/11/09, 11:00:41.465, 1785165388028, vstest.console.dll, TestRunRequest:SendTestRunMessage: Completed.
TpTrace Verbose: 0 : 15712, 13, 2023/11/09, 11:00:41.465, 1785165388243, vstest.console.dll, MulticastDelegateUtilities.SafeInvoke: LengthPrefixCommunicationChannel: MessageReceived: Invoking callback 1/1 for Microsoft.VisualStudio.TestPlatform.CommunicationUtilities.TestRequestSender+<>c__DisplayClass34_0., took 0 ms.
TpTrace Verbose: 0 : 15712, 13, 2023/11/09, 11:00:41.465, 1785165388654, vstest.console.dll, TcpClientExtensions.MessageLoopAsync: Polling on remoteEndPoint: 127.0.0.1:62199 localEndPoint: 127.0.0.1:62198
TpTrace Verbose: 0 : 15712, 4, 2023/11/09, 11:00:41.465, 1785165388286, vstest.console.dll, MulticastDelegateUtilities.SafeInvoke: InternalTestLoggerEvents.SendTestRunMessage: Invoking callback 1/1 for Microsoft.VisualStudio.TestPlatform.CommandLine.Internal.ConsoleLogger., took 0 ms.
TpTrace Verbose: 0 : 15712, 13, 2023/11/09, 11:00:41.541, 1785166155670, vstest.console.dll, TcpClientExtensions.MessageLoopAsync: NotifyDataAvailable remoteEndPoint: 127.0.0.1:62199 localEndPoint: 127.0.0.1:62198
TpTrace Verbose: 0 : 15712, 13, 2023/11/09, 11:00:41.542, 1785166156930, vstest.console.dll, TestRequestSender.OnExecutionMessageReceived: Received message: {"Version":7,"MessageType":"TestSession.Message","Payload":{"MessageLevel":0,"Message":"[xUnit.net 00:00:00.42]   Finished:    Assignment5Test"}}
TpTrace Verbose: 0 : 15712, 13, 2023/11/09, 11:00:41.542, 1785166157858, vstest.console.dll, TestRunRequest:SendTestRunMessage: Starting.
TpTrace Verbose: 0 : 15712, 13, 2023/11/09, 11:00:41.542, 1785166158288, vstest.console.dll, MulticastDelegateUtilities.SafeInvoke: TestRun.LogMessages: Invoking callback 1/1 for Microsoft.VisualStudio.TestPlatform.CommandLine.TestRunResultAggregator., took 0 ms.
TpTrace Information: 0 : 15712, 13, 2023/11/09, 11:00:41.542, 1785166158508, vstest.console.dll, TestRunRequest:SendTestRunMessage: Completed.
TpTrace Verbose: 0 : 15712, 13, 2023/11/09, 11:00:41.542, 1785166158699, vstest.console.dll, MulticastDelegateUtilities.SafeInvoke: LengthPrefixCommunicationChannel: MessageReceived: Invoking callback 1/1 for Microsoft.VisualStudio.TestPlatform.CommunicationUtilities.TestRequestSender+<>c__DisplayClass34_0., took 0 ms.
TpTrace Verbose: 0 : 15712, 4, 2023/11/09, 11:00:41.542, 1785166158781, vstest.console.dll, MulticastDelegateUtilities.SafeInvoke: InternalTestLoggerEvents.SendTestRunMessage: Invoking callback 1/1 for Microsoft.VisualStudio.TestPlatform.CommandLine.Internal.ConsoleLogger., took 0 ms.
TpTrace Verbose: 0 : 15712, 13, 2023/11/09, 11:00:41.542, 1785166158990, vstest.console.dll, TcpClientExtensions.MessageLoopAsync: Polling on remoteEndPoint: 127.0.0.1:62199 localEndPoint: 127.0.0.1:62198
TpTrace Verbose: 0 : 15712, 13, 2023/11/09, 11:00:41.570, 1785166439771, vstest.console.dll, TcpClientExtensions.MessageLoopAsync: NotifyDataAvailable remoteEndPoint: 127.0.0.1:62199 localEndPoint: 127.0.0.1:62198
TpTrace Verbose: 0 : 15712, 13, 2023/11/09, 11:00:41.570, 1785166441431, vstest.console.dll, TestRequestSender.OnExecutionMessageReceived: Received message: {"Version":7,"MessageType":"TestExecution.Completed","Payload":{"TestRunCompleteArgs":{"TestRunStatistics":{"ExecutedTests":3,"Stats":{"Passed":3}},"IsCanceled":false,"IsAborted":false,"Error":null,"AttachmentSets":[],"InvokedDataCollectors":[],"ElapsedTimeInRunningTests":"00:00:00.4315897","Metrics":{},"DiscoveredExtensions":{"TestDiscoverers":["Xunit.Runner.VisualStudio.VsTestRunner, xunit.runner.visualstudio.dotnetcore.testadapter, Version=2.4.0.0, Culture=neutral, PublicKeyToken=8d05b1bb7a6fdb6c"],"TestExecutors":["executor://xunit/VsTestRunner2/netcoreapp"],"TestExecutors2":[],"TestSettingsProviders":[]}},"LastRunTests":{"NewTestResults":[{"TestCase":{"Id":"1ca4a6a3-f87e-57ef-f493-b112299a2bfc","FullyQualifiedName":"Assignment5Test.UnitTest1.ConsoleReaderTestForJunk","DisplayName":"Assignment5Test.UnitTest1.ConsoleReaderTestForJunk","ExecutorUri":"executor://xunit/VsTestRunner2/netcoreapp","Source":"C:\\Dev\\.Net Assigments\\Assignment5Test\\bin\\Debug\\net6.0\\fine-code-coverage\\build-output\\Assignment5Test.dll","CodeFilePath":null,"LineNumber":0,"Properties":[]},"Attachments":[],"Outcome":1,"ErrorMessage":null,"ErrorStackTrace":null,"DisplayName":"Assignment5Test.UnitTest1.ConsoleReaderTestForJunk","Messages":[],"ComputerName":"DESKTOP-EFFEMHA","Duration":"00:00:00.0038021","StartTime":"2023-11-09T05:30:41.5225545+00:00","EndTime":"2023-11-09T05:30:41.5225727+00:00","Properties":[]},{"TestCase":{"Id":"6a01d610-383b-0c40-4df0-c194bb85d475","FullyQualifiedName":"Assignment5Test.UnitTest1.ConsoleReaderTestForWord","DisplayName":"Assignment5Test.UnitTest1.ConsoleReaderTestForWord","ExecutorUri":"executor://xunit/VsTestRunner2/netcoreapp","Source":"C:\\Dev\\.Net Assigments\\Assignment5Test\\bin\\Debug\\net6.0\\fine-code-coverage\\build-output\\Assignment5Test.dll","CodeFilePath":null,"LineNumber":0,"Properties":[]},"Attachments":[],"Outcome":1,"ErrorMessage":null,"ErrorStackTrace":null,"DisplayName":"Assignment5Test.UnitTest1.ConsoleReaderTestForWord","Messages":[],"ComputerName":"DESKTOP-EFFEMHA","Duration":"00:00:00.0001933","StartTime":"2023-11-09T05:30:41.5383467+00:00","EndTime":"2023-11-09T05:30:41.5383474+00:00","Properties":[]},{"TestCase":{"Id":"ee5d0ef8-2dbb-81ca-2961-09037621ec40","FullyQualifiedName":"Assignment5Test.UnitTest1.ConsoleReaderTestForNumber","DisplayName":"Assignment5Test.UnitTest1.ConsoleReaderTestForNumber","ExecutorUri":"executor://xunit/VsTestRunner2/netcoreapp","Source":"C:\\Dev\\.Net Assigments\\Assignment5Test\\bin\\Debug\\net6.0\\fine-code-coverage\\build-output\\Assignment5Test.dll","CodeFilePath":null,"LineNumber":0,"Properties":[]},"Attachments":[],"Outcome":1,"ErrorMessage":null,"ErrorStackTrace":null,"DisplayName":"Assignment5Test.UnitTest1.ConsoleReaderTestForNumber","Messages":[],"ComputerName":"DESKTOP-EFFEMHA","Duration":"00:00:00.0001888","StartTime":"2023-11-09T05:30:41.5402133+00:00","EndTime":"2023-11-09T05:30:41.5402133+00:00","Properties":[]}],"TestRunStatistics":{"ExecutedTests":3,"Stats":{"Passed":3}},"ActiveTests":[]},"RunAttachments":[],"ExecutorUris":["executor://xunit/VsTestRunner2/netcoreapp"]}}
TpTrace Verbose: 0 : 15712, 13, 2023/11/09, 11:00:41.570, 1785166442189, vstest.console.dll, TestRequestSender.EndSession: Sending end session.
TpTrace Verbose: 0 : 15712, 13, 2023/11/09, 11:00:41.570, 1785166443220, vstest.console.dll, ProxyOperationManager.Close: waiting for test host to exit for 100 ms
TpTrace Verbose: 0 : 15712, 11, 2023/11/09, 11:00:41.587, 1785166610046, vstest.console.dll, TestHostManagerCallbacks.ctor: Experimental forwarding output is disabled.
TpTrace Warning: 0 : 15712, 11, 2023/11/09, 11:00:41.587, 1785166611038, vstest.console.dll, TestHostManagerCallbacks.ErrorReceivedCallback Test host standard error line: 
TpTrace Verbose: 0 : 15712, 11, 2023/11/09, 11:00:41.595, 1785166687032, vstest.console.dll, TestHostProvider.ExitCallBack: Host exited starting callback.
TpTrace Information: 0 : 15712, 11, 2023/11/09, 11:00:41.595, 1785166689410, vstest.console.dll, TestHostManagerCallbacks.ExitCallBack: Testhost processId: 9368 exited with exitcode: 0 error: ''
TpTrace Verbose: 0 : 15712, 11, 2023/11/09, 11:00:41.595, 1785166690078, vstest.console.dll, DotnetTestHostManager.OnHostExited: invoking OnHostExited callback
TpTrace Verbose: 0 : 15712, 11, 2023/11/09, 11:00:41.595, 1785166690698, vstest.console.dll, CrossPlatEngine.TestHostManagerHostExited: calling on client process exit callback.
TpTrace Information: 0 : 15712, 11, 2023/11/09, 11:00:41.595, 1785166691231, vstest.console.dll, TestRequestSender.OnClientProcessExit: Test host process exited. Standard error: 
TpTrace Information: 0 : 15712, 11, 2023/11/09, 11:00:41.595, 1785166691653, vstest.console.dll, SocketServer.Stop: Stop server endPoint: 127.0.0.1:62198
TpTrace Information: 0 : 15712, 11, 2023/11/09, 11:00:41.595, 1785166691954, vstest.console.dll, SocketServer.Stop: Cancellation requested. Stopping message loop.
TpTrace Information: 0 : 15712, 13, 2023/11/09, 11:00:41.595, 1785166691956, vstest.console.dll, SocketServer.Stop: Stop server endPoint: 127.0.0.1:62198
TpTrace Information: 0 : 15712, 13, 2023/11/09, 11:00:41.595, 1785166692716, vstest.console.dll, SocketServer.Stop: Cancellation requested. Stopping message loop.
TpTrace Verbose: 0 : 15712, 11, 2023/11/09, 11:00:41.595, 1785166692872, vstest.console.dll, MulticastDelegateUtilities.SafeInvoke: HostProviderEvents.OnHostExited: Invoking callback 1/1 for Microsoft.VisualStudio.TestPlatform.CrossPlatEngine.Client.ProxyOperationManager., took 0 ms.
TpTrace Information: 0 : 15712, 13, 2023/11/09, 11:00:41.595, 1785166693214, vstest.console.dll, Closing the connection
TpTrace Verbose: 0 : 15712, 13, 2023/11/09, 11:00:41.595, 1785166695733, vstest.console.dll, ProxyDataCollectionManager.InvokeDataCollectionServiceAction: Starting.
TpTrace Information: 0 : 15712, 13, 2023/11/09, 11:00:41.595, 1785166696242, vstest.console.dll, ProxyDataCollectionManager.AfterTestRunEnd: Get attachment set and invoked data collectors processId: 18000 port: 62195
TpTrace Verbose: 0 : 15712, 13, 2023/11/09, 11:00:41.596, 1785166697332, vstest.console.dll, DataCollectionRequestSender.SendAfterTestRunStartAndGetResult: Send AfterTestRunEnd message with isCancelled: False
TpTrace Verbose: 0 : 15712, 13, 2023/11/09, 11:00:41.604, 1785166784075, vstest.console.dll, DataCollectionRequestSender.SendAfterTestRunStartAndGetResult: Received message: (DataCollection.AfterTestRunEndResult) -> {"MessageType":"DataCollection.AfterTestRunEndResult","Payload":{"AttachmentSets":[],"InvokedDataCollectors":[{"Uri":"datacollector://Microsoft/TestPlatform/Extensions/Blame/v1","FriendlyName":"Blame","AssemblyQualifiedName":"Microsoft.TestPlatform.Extensions.BlameDataCollector.BlameCollector, Microsoft.TestPlatform.Extensions.BlameDataCollector, Version=15.0.0.0, Culture=neutral, PublicKeyToken=b03f5f7f11d50a3a","FilePath":"C:\\Program Files\\dotnet\\sdk\\7.0.403\\Extensions\\Microsoft.TestPlatform.Extensions.BlameDataCollector.dll","HasAttachmentProcessor":false}],"Metrics":{}}}
TpTrace Information: 0 : 15712, 13, 2023/11/09, 11:00:41.612, 1785166858545, vstest.console.dll, ProxyDataCollectionManager.InvokeDataCollectionServiceAction: Completed.
TpTrace Warning: 0 : 15712, 10, 2023/11/09, 11:00:41.617, 1785166912565, vstest.console.dll, DataCollectionLauncher.ErrorReceivedCallback datacollector standard error line: 
TpTrace Information: 0 : 15712, 10, 2023/11/09, 11:00:41.623, 1785166969650, vstest.console.dll, DataCollectionLauncher.ExitCallBack: Data collector exited with exitcode: 0 error: ''
TpTrace Verbose: 0 : 15712, 13, 2023/11/09, 11:00:41.660, 1785167338648, vstest.console.dll, TestRunRequest:SendTestRunStatsChange: Starting.
TpTrace Verbose: 0 : 15712, 13, 2023/11/09, 11:00:41.660, 1785167343746, vstest.console.dll, MulticastDelegateUtilities.SafeInvoke: TestRun.RunStatsChanged: Invoking callbacks was skipped because there are no subscribers.
TpTrace Information: 0 : 15712, 13, 2023/11/09, 11:00:41.660, 1785167344179, vstest.console.dll, TestRunRequest:SendTestRunStatsChange: Completed.
TpTrace Verbose: 0 : 15712, 13, 2023/11/09, 11:00:41.661, 1785167347343, vstest.console.dll, ParallelProxyExecutionManager: HandlePartialRunComplete: Total workloads = 1, Total started clients = 1 Total completed clients = 1, Run complete = True, Run canceled: False.
TpTrace Verbose: 0 : 15712, 13, 2023/11/09, 11:00:41.661, 1785167347935, vstest.console.dll, ParallelProxyExecutionManager: HandlePartialRunComplete: All runs completed stopping all managers.
TpTrace Verbose: 0 : 15712, 13, 2023/11/09, 11:00:41.661, 1785167348430, vstest.console.dll, ParallelOperationManager.StopAllManagers: Stopping all managers.
TpTrace Verbose: 0 : 15712, 13, 2023/11/09, 11:00:41.661, 1785167348673, vstest.console.dll, ParallelOperationManager.ClearSlots: Clearing all slots. Slots should accept more work: False
TpTrace Verbose: 0 : 15712, 13, 2023/11/09, 11:00:41.661, 1785167349075, vstest.console.dll, ParallelOperationManager.SetOccupiedSlotCount: Setting slot counts AvailableSlotCount = 1, OccupiedSlotCount = 0.
TpTrace Verbose: 0 : 15712, 13, 2023/11/09, 11:00:41.661, 1785167349303, vstest.console.dll, Occupied slots:

TpTrace Verbose: 0 : 15712, 4, 2023/11/09, 11:00:41.662, 1785167357737, vstest.console.dll, MulticastDelegateUtilities.SafeInvoke: InternalTestLoggerEvents.SendTestResult: Invoking callback 1/1 for Microsoft.VisualStudio.TestPlatform.CommandLine.Internal.ConsoleLogger., took 1 ms.
TpTrace Verbose: 0 : 15712, 4, 2023/11/09, 11:00:41.662, 1785167359824, vstest.console.dll, MulticastDelegateUtilities.SafeInvoke: InternalTestLoggerEvents.SendTestResult: Invoking callback 1/1 for Microsoft.VisualStudio.TestPlatform.CommandLine.Internal.ConsoleLogger., took 0 ms.
TpTrace Verbose: 0 : 15712, 4, 2023/11/09, 11:00:41.662, 1785167360357, vstest.console.dll, MulticastDelegateUtilities.SafeInvoke: InternalTestLoggerEvents.SendTestResult: Invoking callback 1/1 for Microsoft.VisualStudio.TestPlatform.CommandLine.Internal.ConsoleLogger., took 0 ms.
TpTrace Verbose: 0 : 15712, 4, 2023/11/09, 11:00:41.668, 1785167419376, vstest.console.dll, MulticastDelegateUtilities.SafeInvoke: InternalTestLoggerEvents.SendTestRunComplete: Invoking callback 1/2 for Microsoft.TestPlatform.Extensions.BlameDataCollector.BlameLogger., took 0 ms.
TpTrace Verbose: 0 : 15712, 4, 2023/11/09, 11:00:41.672, 1785167461934, vstest.console.dll, MulticastDelegateUtilities.SafeInvoke: InternalTestLoggerEvents.SendTestRunComplete: Invoking callback 2/2 for Microsoft.VisualStudio.TestPlatform.CommandLine.Internal.ConsoleLogger., took 4 ms.
TpTrace Verbose: 0 : 15712, 13, 2023/11/09, 11:00:41.672, 1785167465151, vstest.console.dll, TestRunRequest:TestRunComplete: Starting. IsAborted:False IsCanceled:False.
TpTrace Verbose: 0 : 15712, 13, 2023/11/09, 11:00:41.672, 1785167466293, vstest.console.dll, ParallelOperationManager.DoActionOnAllManagers: Calling an action on all managers.
TpTrace Verbose: 0 : 15712, 13, 2023/11/09, 11:00:41.673, 1785167473228, vstest.console.dll, TestLoggerManager.HandleTestRunComplete: Ignoring as the object is disposed.
TpTrace Verbose: 0 : 15712, 13, 2023/11/09, 11:00:41.673, 1785167474769, vstest.console.dll, MulticastDelegateUtilities.SafeInvoke: TestRun.TestRunComplete: Invoking callback 1/2 for Microsoft.VisualStudio.TestPlatform.CommandLine.TestRunResultAggregator., took 0 ms.
TpTrace Verbose: 0 : 15712, 13, 2023/11/09, 11:00:41.673, 1785167475783, vstest.console.dll, MulticastDelegateUtilities.SafeInvoke: TestRun.TestRunComplete: Invoking callback 2/2 for Microsoft.VisualStudio.TestPlatform.CommandLine.Processors.RunTestsArgumentExecutor+TestRunRequestEventsRegistrar., took 0 ms.
TpTrace Information: 0 : 15712, 13, 2023/11/09, 11:00:41.674, 1785167476516, vstest.console.dll, TestRunRequest:TestRunComplete: Completed.
TpTrace Verbose: 0 : 15712, 13, 2023/11/09, 11:00:41.674, 1785167476817, vstest.console.dll, TestRequestSender.SetOperationComplete: Setting operation complete.
TpTrace Information: 0 : 15712, 13, 2023/11/09, 11:00:41.674, 1785167477038, vstest.console.dll, SocketServer.Stop: Stop server endPoint: 127.0.0.1:62198
TpTrace Verbose: 0 : 15712, 1, 2023/11/09, 11:00:41.674, 1785167477137, vstest.console.dll, TestRunRequest.Dispose: Starting.
TpTrace Information: 0 : 15712, 13, 2023/11/09, 11:00:41.674, 1785167477239, vstest.console.dll, SocketServer.Stop: Cancellation requested. Stopping message loop.
TpTrace Information: 0 : 15712, 1, 2023/11/09, 11:00:41.674, 1785167477681, vstest.console.dll, TestRunRequest.Dispose: Completed.
TpTrace Verbose: 0 : 15712, 13, 2023/11/09, 11:00:41.674, 1785167477987, vstest.console.dll, MulticastDelegateUtilities.SafeInvoke: LengthPrefixCommunicationChannel: MessageReceived: Invoking callback 1/1 for Microsoft.VisualStudio.TestPlatform.CommunicationUtilities.TestRequestSender+<>c__DisplayClass34_0., took 103 ms.
TpTrace Information: 0 : 15712, 13, 2023/11/09, 11:00:41.674, 1785167478368, vstest.console.dll, SocketServer.PrivateStop: Stopping server endPoint: 127.0.0.1:62198 error: 
TpTrace Information: 0 : 15712, 1, 2023/11/09, 11:00:41.674, 1785167478400, vstest.console.dll, TestRequestManager.RunTests: run tests completed.
TpTrace Information: 0 : 15712, 1, 2023/11/09, 11:00:41.674, 1785167479291, vstest.console.dll, RunTestsArgumentProcessor:Execute: Test run is completed.
TpTrace Verbose: 0 : 15712, 1, 2023/11/09, 11:00:41.674, 1785167480650, vstest.console.dll, Executor.Execute: Exiting with exit code of 0
TpTrace Verbose: 0 : 15712, 13, 2023/11/09, 11:00:41.674, 1785167481899, vstest.console.dll, LengthPrefixCommunicationChannel.Dispose: Dispose reader and writer.
TpTrace Information: 0 : 15712, 13, 2023/11/09, 11:00:41.674, 1785167482404, vstest.console.dll, SocketServer.Stop: Raise disconnected event endPoint: 127.0.0.1:62198 error: 
TpTrace Verbose: 0 : 15712, 13, 2023/11/09, 11:00:41.674, 1785167483039, vstest.console.dll, TestRequestSender: OnTestRunAbort: Operation is already complete. Skip error message.
TpTrace Verbose: 0 : 15712, 13, 2023/11/09, 11:00:41.674, 1785167483357, vstest.console.dll, MulticastDelegateUtilities.SafeInvoke: SocketServer: ClientDisconnected: Invoking callback 1/1 for Microsoft.VisualStudio.TestPlatform.CommunicationUtilities.TestRequestSender., took 0 ms.
TpTrace Verbose: 0 : 15712, 13, 2023/11/09, 11:00:41.674, 1785167483569, vstest.console.dll, TcpClientExtensions.MessageLoopAsync: exiting MessageLoopAsync remoteEndPoint: 127.0.0.1:62199 localEndPoint: 127.0.0.1:62198
